{"C:\\Data\\Code\\NodeJS\\pwc\\advanced\\modules\\auth\\controller\\auth.controller.js": {"path":"C:\\Data\\Code\\NodeJS\\pwc\\advanced\\modules\\auth\\controller\\auth.controller.js","statementMap":{"0":{"start":{"line":1,"column":15},"end":{"line":1,"column":32}},"1":{"start":{"line":2,"column":12},"end":{"line":2,"column":35}},"2":{"start":{"line":3,"column":13},"end":{"line":3,"column":56}},"3":{"start":{"line":4,"column":19},"end":{"line":4,"column":36}},"4":{"start":{"line":8,"column":8},"end":{"line":22,"column":9}},"5":{"start":{"line":9,"column":40},"end":{"line":9,"column":48}},"6":{"start":{"line":10,"column":25},"end":{"line":10,"column":54}},"7":{"start":{"line":11,"column":12},"end":{"line":13,"column":13}},"8":{"start":{"line":12,"column":16},"end":{"line":12,"column":97}},"9":{"start":{"line":14,"column":36},"end":{"line":14,"column":72}},"10":{"start":{"line":15,"column":12},"end":{"line":17,"column":13}},"11":{"start":{"line":16,"column":16},"end":{"line":16,"column":101}},"12":{"start":{"line":18,"column":26},"end":{"line":18,"column":89}},"13":{"start":{"line":19,"column":12},"end":{"line":19,"column":32}},"14":{"start":{"line":21,"column":12},"end":{"line":21,"column":76}},"15":{"start":{"line":26,"column":8},"end":{"line":33,"column":9}},"16":{"start":{"line":27,"column":44},"end":{"line":27,"column":52}},"17":{"start":{"line":28,"column":35},"end":{"line":28,"column":69}},"18":{"start":{"line":29,"column":12},"end":{"line":29,"column":79}},"19":{"start":{"line":30,"column":12},"end":{"line":30,"column":68}},"20":{"start":{"line":32,"column":12},"end":{"line":32,"column":74}},"21":{"start":{"line":37,"column":0},"end":{"line":37,"column":32}}},"fnMap":{"0":{"name":"(anonymous_0)","decl":{"start":{"line":7,"column":4},"end":{"line":7,"column":5}},"loc":{"start":{"line":7,"column":26},"end":{"line":23,"column":5}},"line":7},"1":{"name":"(anonymous_1)","decl":{"start":{"line":25,"column":4},"end":{"line":25,"column":5}},"loc":{"start":{"line":25,"column":35},"end":{"line":34,"column":5}},"line":25}},"branchMap":{"0":{"loc":{"start":{"line":11,"column":12},"end":{"line":13,"column":13}},"type":"if","locations":[{"start":{"line":11,"column":12},"end":{"line":13,"column":13}},{"start":{},"end":{}}],"line":11},"1":{"loc":{"start":{"line":15,"column":12},"end":{"line":17,"column":13}},"type":"if","locations":[{"start":{"line":15,"column":12},"end":{"line":17,"column":13}},{"start":{},"end":{}}],"line":15}},"s":{"0":1,"1":1,"2":1,"3":1,"4":4,"5":4,"6":4,"7":3,"8":1,"9":2,"10":2,"11":1,"12":1,"13":1,"14":1,"15":2,"16":2,"17":2,"18":2,"19":1,"20":1,"21":1},"f":{"0":4,"1":2},"b":{"0":[1,2],"1":[1,1]},"_coverageSchema":"1a1c01bbd47fc00a2c39e90264f33305004495a9","hash":"b225a7aa82b3dba82d7a810ff1c1ff594b9708b3"}
,"C:\\Data\\Code\\NodeJS\\pwc\\advanced\\modules\\auth\\middleware\\auth.guard.js": {"path":"C:\\Data\\Code\\NodeJS\\pwc\\advanced\\modules\\auth\\middleware\\auth.guard.js","statementMap":{"0":{"start":{"line":1,"column":12},"end":{"line":1,"column":35}},"1":{"start":{"line":2,"column":13},"end":{"line":2,"column":56}},"2":{"start":{"line":3,"column":19},"end":{"line":3,"column":36}},"3":{"start":{"line":6,"column":18},"end":{"line":6,"column":58}},"4":{"start":{"line":7,"column":4},"end":{"line":9,"column":5}},"5":{"start":{"line":8,"column":8},"end":{"line":8,"column":80}},"6":{"start":{"line":10,"column":4},"end":{"line":20,"column":5}},"7":{"start":{"line":11,"column":29},"end":{"line":11,"column":58}},"8":{"start":{"line":12,"column":21},"end":{"line":12,"column":61}},"9":{"start":{"line":13,"column":8},"end":{"line":15,"column":9}},"10":{"start":{"line":14,"column":12},"end":{"line":14,"column":85}},"11":{"start":{"line":16,"column":8},"end":{"line":16,"column":24}},"12":{"start":{"line":17,"column":8},"end":{"line":17,"column":15}},"13":{"start":{"line":19,"column":8},"end":{"line":19,"column":73}},"14":{"start":{"line":23,"column":0},"end":{"line":23,"column":27}}},"fnMap":{"0":{"name":"authGuard","decl":{"start":{"line":5,"column":15},"end":{"line":5,"column":24}},"loc":{"start":{"line":5,"column":41},"end":{"line":21,"column":1}},"line":5}},"branchMap":{"0":{"loc":{"start":{"line":7,"column":4},"end":{"line":9,"column":5}},"type":"if","locations":[{"start":{"line":7,"column":4},"end":{"line":9,"column":5}},{"start":{},"end":{}}],"line":7},"1":{"loc":{"start":{"line":13,"column":8},"end":{"line":15,"column":9}},"type":"if","locations":[{"start":{"line":13,"column":8},"end":{"line":15,"column":9}},{"start":{},"end":{}}],"line":13}},"s":{"0":5,"1":5,"2":5,"3":4,"4":4,"5":1,"6":3,"7":3,"8":2,"9":2,"10":1,"11":1,"12":1,"13":1,"14":5},"f":{"0":4},"b":{"0":[1,3],"1":[1,1]},"_coverageSchema":"1a1c01bbd47fc00a2c39e90264f33305004495a9","hash":"0fa0ab1d149cffa4db071a654dd624ad483fd997"}
,"C:\\Data\\Code\\NodeJS\\pwc\\advanced\\modules\\auth\\route\\auth.routes.js": {"path":"C:\\Data\\Code\\NodeJS\\pwc\\advanced\\modules\\auth\\route\\auth.routes.js","statementMap":{"0":{"start":{"line":1,"column":16},"end":{"line":1,"column":34}},"1":{"start":{"line":2,"column":15},"end":{"line":2,"column":31}},"2":{"start":{"line":4,"column":23},"end":{"line":4,"column":63}},"3":{"start":{"line":5,"column":23},"end":{"line":5,"column":43}},"4":{"start":{"line":7,"column":0},"end":{"line":7,"column":44}},"5":{"start":{"line":8,"column":0},"end":{"line":8,"column":62}},"6":{"start":{"line":10,"column":0},"end":{"line":10,"column":24}}},"fnMap":{},"branchMap":{},"s":{"0":1,"1":1,"2":1,"3":1,"4":1,"5":1,"6":1},"f":{},"b":{},"_coverageSchema":"1a1c01bbd47fc00a2c39e90264f33305004495a9","hash":"66b5c9cc1b0966a9ab365bd735c14d00185c2650"}
,"C:\\Data\\Code\\NodeJS\\pwc\\advanced\\modules\\booking\\controller\\booking.controller.js": {"path":"C:\\Data\\Code\\NodeJS\\pwc\\advanced\\modules\\booking\\controller\\booking.controller.js","statementMap":{"0":{"start":{"line":1,"column":27},"end":{"line":1,"column":73}},"1":{"start":{"line":2,"column":23},"end":{"line":2,"column":47}},"2":{"start":{"line":6,"column":8},"end":{"line":15,"column":9}},"3":{"start":{"line":7,"column":42},"end":{"line":7,"column":50}},"4":{"start":{"line":8,"column":12},"end":{"line":10,"column":13}},"5":{"start":{"line":9,"column":16},"end":{"line":9,"column":93}},"6":{"start":{"line":11,"column":31},"end":{"line":11,"column":75}},"7":{"start":{"line":12,"column":12},"end":{"line":12,"column":45}},"8":{"start":{"line":14,"column":12},"end":{"line":14,"column":73}},"9":{"start":{"line":19,"column":8},"end":{"line":24,"column":9}},"10":{"start":{"line":20,"column":28},"end":{"line":20,"column":81}},"11":{"start":{"line":21,"column":12},"end":{"line":21,"column":30}},"12":{"start":{"line":23,"column":12},"end":{"line":23,"column":66}},"13":{"start":{"line":28,"column":8},"end":{"line":36,"column":9}},"14":{"start":{"line":29,"column":35},"end":{"line":32,"column":13}},"15":{"start":{"line":33,"column":12},"end":{"line":33,"column":37}},"16":{"start":{"line":35,"column":12},"end":{"line":35,"column":81}},"17":{"start":{"line":40,"column":8},"end":{"line":45,"column":9}},"18":{"start":{"line":41,"column":35},"end":{"line":41,"column":91}},"19":{"start":{"line":42,"column":12},"end":{"line":42,"column":37}},"20":{"start":{"line":44,"column":12},"end":{"line":44,"column":66}},"21":{"start":{"line":49,"column":8},"end":{"line":65,"column":9}},"22":{"start":{"line":50,"column":12},"end":{"line":56,"column":13}},"23":{"start":{"line":51,"column":31},"end":{"line":51,"column":47}},"24":{"start":{"line":52,"column":33},"end":{"line":52,"column":84}},"25":{"start":{"line":53,"column":16},"end":{"line":53,"column":35}},"26":{"start":{"line":55,"column":16},"end":{"line":55,"column":88}},"27":{"start":{"line":58,"column":12},"end":{"line":64,"column":13}},"28":{"start":{"line":59,"column":38},"end":{"line":59,"column":63}},"29":{"start":{"line":60,"column":33},"end":{"line":60,"column":93}},"30":{"start":{"line":61,"column":16},"end":{"line":61,"column":35}},"31":{"start":{"line":63,"column":16},"end":{"line":63,"column":90}},"32":{"start":{"line":69,"column":8},"end":{"line":74,"column":9}},"33":{"start":{"line":70,"column":29},"end":{"line":70,"column":84}},"34":{"start":{"line":71,"column":12},"end":{"line":71,"column":31}},"35":{"start":{"line":73,"column":12},"end":{"line":73,"column":75}},"36":{"start":{"line":78,"column":8},"end":{"line":84,"column":9}},"37":{"start":{"line":79,"column":27},"end":{"line":79,"column":39}},"38":{"start":{"line":80,"column":37},"end":{"line":80,"column":92}},"39":{"start":{"line":81,"column":12},"end":{"line":81,"column":39}},"40":{"start":{"line":83,"column":12},"end":{"line":83,"column":89}},"41":{"start":{"line":88,"column":0},"end":{"line":88,"column":35}}},"fnMap":{"0":{"name":"(anonymous_0)","decl":{"start":{"line":5,"column":4},"end":{"line":5,"column":5}},"loc":{"start":{"line":5,"column":34},"end":{"line":16,"column":5}},"line":5},"1":{"name":"(anonymous_1)","decl":{"start":{"line":18,"column":4},"end":{"line":18,"column":5}},"loc":{"start":{"line":18,"column":31},"end":{"line":25,"column":5}},"line":18},"2":{"name":"(anonymous_2)","decl":{"start":{"line":27,"column":4},"end":{"line":27,"column":5}},"loc":{"start":{"line":27,"column":34},"end":{"line":37,"column":5}},"line":27},"3":{"name":"(anonymous_3)","decl":{"start":{"line":39,"column":4},"end":{"line":39,"column":5}},"loc":{"start":{"line":39,"column":34},"end":{"line":46,"column":5}},"line":39},"4":{"name":"(anonymous_4)","decl":{"start":{"line":48,"column":4},"end":{"line":48,"column":5}},"loc":{"start":{"line":48,"column":35},"end":{"line":66,"column":5}},"line":48},"5":{"name":"(anonymous_5)","decl":{"start":{"line":68,"column":4},"end":{"line":68,"column":5}},"loc":{"start":{"line":68,"column":35},"end":{"line":75,"column":5}},"line":68},"6":{"name":"(anonymous_6)","decl":{"start":{"line":77,"column":4},"end":{"line":77,"column":5}},"loc":{"start":{"line":77,"column":47},"end":{"line":85,"column":5}},"line":77}},"branchMap":{"0":{"loc":{"start":{"line":8,"column":12},"end":{"line":10,"column":13}},"type":"if","locations":[{"start":{"line":8,"column":12},"end":{"line":10,"column":13}},{"start":{},"end":{}}],"line":8},"1":{"loc":{"start":{"line":8,"column":16},"end":{"line":8,"column":37}},"type":"binary-expr","locations":[{"start":{"line":8,"column":16},"end":{"line":8,"column":21}},{"start":{"line":8,"column":25},"end":{"line":8,"column":37}}],"line":8},"2":{"loc":{"start":{"line":49,"column":8},"end":{"line":65,"column":9}},"type":"if","locations":[{"start":{"line":49,"column":8},"end":{"line":65,"column":9}},{"start":{"line":57,"column":15},"end":{"line":65,"column":9}}],"line":49}},"s":{"0":1,"1":1,"2":3,"3":3,"4":3,"5":1,"6":2,"7":1,"8":1,"9":2,"10":2,"11":1,"12":1,"13":2,"14":2,"15":1,"16":1,"17":2,"18":2,"19":1,"20":1,"21":4,"22":2,"23":2,"24":2,"25":1,"26":1,"27":2,"28":2,"29":2,"30":1,"31":1,"32":2,"33":2,"34":1,"35":1,"36":2,"37":2,"38":2,"39":1,"40":1,"41":1},"f":{"0":3,"1":2,"2":2,"3":2,"4":4,"5":2,"6":2},"b":{"0":[1,2],"1":[3,3],"2":[2,2]},"_coverageSchema":"1a1c01bbd47fc00a2c39e90264f33305004495a9","hash":"367e817c535ef3b4e1209b31e44503053217f1b4"}
,"C:\\Data\\Code\\NodeJS\\pwc\\advanced\\modules\\booking\\dao\\models\\booking.model.js": {"path":"C:\\Data\\Code\\NodeJS\\pwc\\advanced\\modules\\booking\\dao\\models\\booking.model.js","statementMap":{"0":{"start":{"line":1,"column":15},"end":{"line":1,"column":34}},"1":{"start":{"line":3,"column":19},"end":{"line":3,"column":55}},"2":{"start":{"line":4,"column":0},"end":{"line":4,"column":57}}},"fnMap":{},"branchMap":{},"s":{"0":2,"1":2,"2":2},"f":{},"b":{},"_coverageSchema":"1a1c01bbd47fc00a2c39e90264f33305004495a9","hash":"0aeb8ca3324e5061b5a16dbcd9c357baf61096fe"}
,"C:\\Data\\Code\\NodeJS\\pwc\\advanced\\modules\\booking\\dao\\schemas\\booking.schema.js": {"path":"C:\\Data\\Code\\NodeJS\\pwc\\advanced\\modules\\booking\\dao\\schemas\\booking.schema.js","statementMap":{"0":{"start":{"line":1,"column":17},"end":{"line":1,"column":36}},"1":{"start":{"line":3,"column":22},"end":{"line":19,"column":2}},"2":{"start":{"line":21,"column":0},"end":{"line":21,"column":31}}},"fnMap":{},"branchMap":{},"s":{"0":2,"1":2,"2":2},"f":{},"b":{},"_coverageSchema":"1a1c01bbd47fc00a2c39e90264f33305004495a9","hash":"ccdbca7493edcf9e55339cc5feb19712cf9db9fb"}
,"C:\\Data\\Code\\NodeJS\\pwc\\advanced\\modules\\booking\\routes\\booking.routes.js": {"path":"C:\\Data\\Code\\NodeJS\\pwc\\advanced\\modules\\booking\\routes\\booking.routes.js","statementMap":{"0":{"start":{"line":1,"column":16},"end":{"line":1,"column":34}},"1":{"start":{"line":2,"column":15},"end":{"line":2,"column":31}},"2":{"start":{"line":4,"column":26},"end":{"line":4,"column":69}},"3":{"start":{"line":5,"column":26},"end":{"line":5,"column":49}},"4":{"start":{"line":7,"column":18},"end":{"line":7,"column":61}},"5":{"start":{"line":9,"column":0},"end":{"line":9,"column":22}},"6":{"start":{"line":11,"column":0},"end":{"line":11,"column":50}},"7":{"start":{"line":12,"column":0},"end":{"line":12,"column":50}},"8":{"start":{"line":13,"column":0},"end":{"line":13,"column":56}},"9":{"start":{"line":14,"column":0},"end":{"line":14,"column":70}},"10":{"start":{"line":15,"column":0},"end":{"line":15,"column":56}},"11":{"start":{"line":16,"column":0},"end":{"line":16,"column":59}},"12":{"start":{"line":17,"column":0},"end":{"line":17,"column":62}},"13":{"start":{"line":19,"column":0},"end":{"line":19,"column":24}}},"fnMap":{},"branchMap":{},"s":{"0":1,"1":1,"2":1,"3":1,"4":1,"5":1,"6":1,"7":1,"8":1,"9":1,"10":1,"11":1,"12":1,"13":1},"f":{},"b":{},"_coverageSchema":"1a1c01bbd47fc00a2c39e90264f33305004495a9","hash":"821c3c64af2ec0237c058c4000dca3d226328593"}
,"C:\\Data\\Code\\NodeJS\\pwc\\advanced\\modules\\booking\\service\\booking.service.js": {"path":"C:\\Data\\Code\\NodeJS\\pwc\\advanced\\modules\\booking\\service\\booking.service.js","statementMap":{"0":{"start":{"line":12,"column":0},"end":{"line":12,"column":32}}},"fnMap":{"0":{"name":"(anonymous_0)","decl":{"start":{"line":2,"column":4},"end":{"line":2,"column":5}},"loc":{"start":{"line":2,"column":37},"end":{"line":2,"column":40}},"line":2},"1":{"name":"(anonymous_1)","decl":{"start":{"line":3,"column":4},"end":{"line":3,"column":5}},"loc":{"start":{"line":3,"column":32},"end":{"line":3,"column":35}},"line":3},"2":{"name":"(anonymous_2)","decl":{"start":{"line":4,"column":4},"end":{"line":4,"column":5}},"loc":{"start":{"line":4,"column":51},"end":{"line":4,"column":54}},"line":4},"3":{"name":"(anonymous_3)","decl":{"start":{"line":5,"column":4},"end":{"line":5,"column":5}},"loc":{"start":{"line":5,"column":35},"end":{"line":5,"column":38}},"line":5},"4":{"name":"(anonymous_4)","decl":{"start":{"line":6,"column":4},"end":{"line":6,"column":5}},"loc":{"start":{"line":6,"column":39},"end":{"line":6,"column":42}},"line":6},"5":{"name":"(anonymous_5)","decl":{"start":{"line":7,"column":4},"end":{"line":7,"column":5}},"loc":{"start":{"line":7,"column":41},"end":{"line":7,"column":44}},"line":7},"6":{"name":"(anonymous_6)","decl":{"start":{"line":8,"column":4},"end":{"line":8,"column":5}},"loc":{"start":{"line":8,"column":52},"end":{"line":8,"column":55}},"line":8},"7":{"name":"(anonymous_7)","decl":{"start":{"line":9,"column":4},"end":{"line":9,"column":5}},"loc":{"start":{"line":9,"column":45},"end":{"line":9,"column":48}},"line":9}},"branchMap":{},"s":{"0":2},"f":{"0":0,"1":0,"2":0,"3":0,"4":0,"5":0,"6":0,"7":0},"b":{},"_coverageSchema":"1a1c01bbd47fc00a2c39e90264f33305004495a9","hash":"95c1baa22ca2cecac297f415f7d54cfc61b90647"}
,"C:\\Data\\Code\\NodeJS\\pwc\\advanced\\modules\\booking\\service\\impl\\booking.serviceImpl.js": {"path":"C:\\Data\\Code\\NodeJS\\pwc\\advanced\\modules\\booking\\service\\impl\\booking.serviceImpl.js","statementMap":{"0":{"start":{"line":1,"column":17},"end":{"line":1,"column":51}},"1":{"start":{"line":2,"column":18},"end":{"line":2,"column":64}},"2":{"start":{"line":3,"column":25},"end":{"line":3,"column":85}},"3":{"start":{"line":4,"column":21},"end":{"line":4,"column":62}},"4":{"start":{"line":5,"column":23},"end":{"line":5,"column":52}},"5":{"start":{"line":9,"column":8},"end":{"line":15,"column":9}},"6":{"start":{"line":10,"column":28},"end":{"line":10,"column":66}},"7":{"start":{"line":11,"column":12},"end":{"line":11,"column":98}},"8":{"start":{"line":12,"column":12},"end":{"line":12,"column":27}},"9":{"start":{"line":14,"column":12},"end":{"line":14,"column":57}},"10":{"start":{"line":19,"column":8},"end":{"line":27,"column":9}},"11":{"start":{"line":20,"column":28},"end":{"line":20,"column":66}},"12":{"start":{"line":21,"column":12},"end":{"line":23,"column":13}},"13":{"start":{"line":22,"column":16},"end":{"line":22,"column":54}},"14":{"start":{"line":24,"column":12},"end":{"line":24,"column":27}},"15":{"start":{"line":26,"column":12},"end":{"line":26,"column":62}},"16":{"start":{"line":31,"column":8},"end":{"line":43,"column":9}},"17":{"start":{"line":32,"column":28},"end":{"line":36,"column":13}},"18":{"start":{"line":37,"column":12},"end":{"line":39,"column":13}},"19":{"start":{"line":38,"column":16},"end":{"line":38,"column":54}},"20":{"start":{"line":40,"column":12},"end":{"line":40,"column":27}},"21":{"start":{"line":42,"column":12},"end":{"line":42,"column":65}},"22":{"start":{"line":47,"column":8},"end":{"line":56,"column":9}},"23":{"start":{"line":48,"column":28},"end":{"line":48,"column":75}},"24":{"start":{"line":49,"column":12},"end":{"line":51,"column":13}},"25":{"start":{"line":50,"column":16},"end":{"line":50,"column":54}},"26":{"start":{"line":52,"column":12},"end":{"line":52,"column":98}},"27":{"start":{"line":53,"column":12},"end":{"line":53,"column":27}},"28":{"start":{"line":55,"column":12},"end":{"line":55,"column":57}},"29":{"start":{"line":60,"column":8},"end":{"line":65,"column":9}},"30":{"start":{"line":61,"column":29},"end":{"line":61,"column":70}},"31":{"start":{"line":62,"column":12},"end":{"line":62,"column":28}},"32":{"start":{"line":64,"column":12},"end":{"line":64,"column":66}},"33":{"start":{"line":69,"column":8},"end":{"line":74,"column":9}},"34":{"start":{"line":70,"column":29},"end":{"line":70,"column":64}},"35":{"start":{"line":71,"column":12},"end":{"line":71,"column":28}},"36":{"start":{"line":73,"column":12},"end":{"line":73,"column":68}},"37":{"start":{"line":78,"column":8},"end":{"line":89,"column":9}},"38":{"start":{"line":79,"column":26},"end":{"line":79,"column":58}},"39":{"start":{"line":80,"column":33},"end":{"line":80,"column":77}},"40":{"start":{"line":81,"column":12},"end":{"line":83,"column":13}},"41":{"start":{"line":82,"column":16},"end":{"line":82,"column":58}},"42":{"start":{"line":84,"column":35},"end":{"line":84,"column":80}},"43":{"start":{"line":84,"column":60},"end":{"line":84,"column":79}},"44":{"start":{"line":85,"column":29},"end":{"line":85,"column":94}},"45":{"start":{"line":86,"column":12},"end":{"line":86,"column":28}},"46":{"start":{"line":88,"column":12},"end":{"line":88,"column":70}},"47":{"start":{"line":93,"column":8},"end":{"line":102,"column":9}},"48":{"start":{"line":94,"column":32},"end":{"line":94,"column":42}},"49":{"start":{"line":95,"column":29},"end":{"line":98,"column":14}},"50":{"start":{"line":99,"column":12},"end":{"line":99,"column":28}},"51":{"start":{"line":101,"column":12},"end":{"line":101,"column":73}},"52":{"start":{"line":106,"column":0},"end":{"line":106,"column":36}}},"fnMap":{"0":{"name":"(anonymous_0)","decl":{"start":{"line":8,"column":4},"end":{"line":8,"column":5}},"loc":{"start":{"line":8,"column":37},"end":{"line":16,"column":5}},"line":8},"1":{"name":"(anonymous_1)","decl":{"start":{"line":18,"column":4},"end":{"line":18,"column":5}},"loc":{"start":{"line":18,"column":32},"end":{"line":28,"column":5}},"line":18},"2":{"name":"(anonymous_2)","decl":{"start":{"line":30,"column":4},"end":{"line":30,"column":5}},"loc":{"start":{"line":30,"column":51},"end":{"line":44,"column":5}},"line":30},"3":{"name":"(anonymous_3)","decl":{"start":{"line":46,"column":4},"end":{"line":46,"column":5}},"loc":{"start":{"line":46,"column":35},"end":{"line":57,"column":5}},"line":46},"4":{"name":"(anonymous_4)","decl":{"start":{"line":59,"column":4},"end":{"line":59,"column":5}},"loc":{"start":{"line":59,"column":39},"end":{"line":66,"column":5}},"line":59},"5":{"name":"(anonymous_5)","decl":{"start":{"line":68,"column":4},"end":{"line":68,"column":5}},"loc":{"start":{"line":68,"column":41},"end":{"line":75,"column":5}},"line":68},"6":{"name":"(anonymous_6)","decl":{"start":{"line":77,"column":4},"end":{"line":77,"column":5}},"loc":{"start":{"line":77,"column":52},"end":{"line":90,"column":5}},"line":77},"7":{"name":"(anonymous_7)","decl":{"start":{"line":84,"column":52},"end":{"line":84,"column":53}},"loc":{"start":{"line":84,"column":60},"end":{"line":84,"column":79}},"line":84},"8":{"name":"(anonymous_8)","decl":{"start":{"line":92,"column":4},"end":{"line":92,"column":5}},"loc":{"start":{"line":92,"column":45},"end":{"line":103,"column":5}},"line":92}},"branchMap":{"0":{"loc":{"start":{"line":21,"column":12},"end":{"line":23,"column":13}},"type":"if","locations":[{"start":{"line":21,"column":12},"end":{"line":23,"column":13}},{"start":{},"end":{}}],"line":21},"1":{"loc":{"start":{"line":37,"column":12},"end":{"line":39,"column":13}},"type":"if","locations":[{"start":{"line":37,"column":12},"end":{"line":39,"column":13}},{"start":{},"end":{}}],"line":37},"2":{"loc":{"start":{"line":49,"column":12},"end":{"line":51,"column":13}},"type":"if","locations":[{"start":{"line":49,"column":12},"end":{"line":51,"column":13}},{"start":{},"end":{}}],"line":49},"3":{"loc":{"start":{"line":81,"column":12},"end":{"line":83,"column":13}},"type":"if","locations":[{"start":{"line":81,"column":12},"end":{"line":83,"column":13}},{"start":{},"end":{}}],"line":81}},"s":{"0":2,"1":2,"2":2,"3":2,"4":2,"5":2,"6":2,"7":1,"8":1,"9":1,"10":2,"11":2,"12":1,"13":0,"14":1,"15":1,"16":2,"17":2,"18":1,"19":0,"20":1,"21":1,"22":2,"23":2,"24":1,"25":0,"26":1,"27":1,"28":1,"29":2,"30":2,"31":1,"32":1,"33":2,"34":2,"35":1,"36":1,"37":2,"38":2,"39":2,"40":1,"41":0,"42":1,"43":2,"44":1,"45":1,"46":1,"47":2,"48":2,"49":2,"50":1,"51":1,"52":2},"f":{"0":2,"1":2,"2":2,"3":2,"4":2,"5":2,"6":2,"7":2,"8":2},"b":{"0":[0,1],"1":[0,1],"2":[0,1],"3":[0,1]},"_coverageSchema":"1a1c01bbd47fc00a2c39e90264f33305004495a9","hash":"efd546d62bc7bda5f673635d0e48a47d0ce0e615"}
,"C:\\Data\\Code\\NodeJS\\pwc\\advanced\\modules\\destination\\controller\\destination.controller.js": {"path":"C:\\Data\\Code\\NodeJS\\pwc\\advanced\\modules\\destination\\controller\\destination.controller.js","statementMap":{"0":{"start":{"line":1,"column":31},"end":{"line":1,"column":81}},"1":{"start":{"line":3,"column":27},"end":{"line":3,"column":55}},"2":{"start":{"line":7,"column":8},"end":{"line":16,"column":9}},"3":{"start":{"line":8,"column":12},"end":{"line":10,"column":13}},"4":{"start":{"line":9,"column":16},"end":{"line":9,"column":76}},"5":{"start":{"line":11,"column":35},"end":{"line":11,"column":87}},"6":{"start":{"line":12,"column":12},"end":{"line":12,"column":49}},"7":{"start":{"line":14,"column":12},"end":{"line":14,"column":31}},"8":{"start":{"line":15,"column":12},"end":{"line":15,"column":77}},"9":{"start":{"line":20,"column":8},"end":{"line":25,"column":9}},"10":{"start":{"line":21,"column":32},"end":{"line":21,"column":97}},"11":{"start":{"line":22,"column":12},"end":{"line":22,"column":34}},"12":{"start":{"line":24,"column":12},"end":{"line":24,"column":70}},"13":{"start":{"line":29,"column":8},"end":{"line":37,"column":9}},"14":{"start":{"line":30,"column":39},"end":{"line":33,"column":13}},"15":{"start":{"line":34,"column":12},"end":{"line":34,"column":41}},"16":{"start":{"line":36,"column":12},"end":{"line":36,"column":70}},"17":{"start":{"line":41,"column":8},"end":{"line":48,"column":9}},"18":{"start":{"line":42,"column":39},"end":{"line":44,"column":13}},"19":{"start":{"line":45,"column":12},"end":{"line":45,"column":41}},"20":{"start":{"line":47,"column":12},"end":{"line":47,"column":70}},"21":{"start":{"line":52,"column":8},"end":{"line":68,"column":9}},"22":{"start":{"line":53,"column":12},"end":{"line":59,"column":13}},"23":{"start":{"line":54,"column":29},"end":{"line":54,"column":43}},"24":{"start":{"line":55,"column":37},"end":{"line":55,"column":92}},"25":{"start":{"line":56,"column":16},"end":{"line":56,"column":39}},"26":{"start":{"line":58,"column":16},"end":{"line":58,"column":90}},"27":{"start":{"line":61,"column":12},"end":{"line":67,"column":13}},"28":{"start":{"line":62,"column":33},"end":{"line":62,"column":51}},"29":{"start":{"line":63,"column":37},"end":{"line":63,"column":100}},"30":{"start":{"line":64,"column":16},"end":{"line":64,"column":39}},"31":{"start":{"line":66,"column":16},"end":{"line":66,"column":94}},"32":{"start":{"line":72,"column":8},"end":{"line":82,"column":9}},"33":{"start":{"line":73,"column":30},"end":{"line":73,"column":53}},"34":{"start":{"line":74,"column":30},"end":{"line":74,"column":53}},"35":{"start":{"line":75,"column":33},"end":{"line":78,"column":13}},"36":{"start":{"line":79,"column":12},"end":{"line":79,"column":35}},"37":{"start":{"line":81,"column":12},"end":{"line":81,"column":94}},"38":{"start":{"line":86,"column":8},"end":{"line":91,"column":9}},"39":{"start":{"line":87,"column":33},"end":{"line":87,"column":78}},"40":{"start":{"line":88,"column":12},"end":{"line":88,"column":35}},"41":{"start":{"line":90,"column":12},"end":{"line":90,"column":79}},"42":{"start":{"line":95,"column":8},"end":{"line":101,"column":9}},"43":{"start":{"line":96,"column":29},"end":{"line":96,"column":48}},"44":{"start":{"line":97,"column":33},"end":{"line":97,"column":93}},"45":{"start":{"line":98,"column":12},"end":{"line":98,"column":35}},"46":{"start":{"line":100,"column":12},"end":{"line":100,"column":87}},"47":{"start":{"line":105,"column":8},"end":{"line":110,"column":9}},"48":{"start":{"line":106,"column":41},"end":{"line":106,"column":91}},"49":{"start":{"line":107,"column":12},"end":{"line":107,"column":43}},"50":{"start":{"line":109,"column":12},"end":{"line":109,"column":85}},"51":{"start":{"line":114,"column":0},"end":{"line":114,"column":39}}},"fnMap":{"0":{"name":"(anonymous_0)","decl":{"start":{"line":6,"column":4},"end":{"line":6,"column":5}},"loc":{"start":{"line":6,"column":38},"end":{"line":17,"column":5}},"line":6},"1":{"name":"(anonymous_1)","decl":{"start":{"line":19,"column":4},"end":{"line":19,"column":5}},"loc":{"start":{"line":19,"column":35},"end":{"line":26,"column":5}},"line":19},"2":{"name":"(anonymous_2)","decl":{"start":{"line":28,"column":4},"end":{"line":28,"column":5}},"loc":{"start":{"line":28,"column":38},"end":{"line":38,"column":5}},"line":28},"3":{"name":"(anonymous_3)","decl":{"start":{"line":40,"column":4},"end":{"line":40,"column":5}},"loc":{"start":{"line":40,"column":38},"end":{"line":49,"column":5}},"line":40},"4":{"name":"(anonymous_4)","decl":{"start":{"line":51,"column":4},"end":{"line":51,"column":5}},"loc":{"start":{"line":51,"column":39},"end":{"line":69,"column":5}},"line":51},"5":{"name":"(anonymous_5)","decl":{"start":{"line":71,"column":4},"end":{"line":71,"column":5}},"loc":{"start":{"line":71,"column":52},"end":{"line":83,"column":5}},"line":71},"6":{"name":"(anonymous_6)","decl":{"start":{"line":85,"column":4},"end":{"line":85,"column":5}},"loc":{"start":{"line":85,"column":39},"end":{"line":92,"column":5}},"line":85},"7":{"name":"(anonymous_7)","decl":{"start":{"line":94,"column":4},"end":{"line":94,"column":5}},"loc":{"start":{"line":94,"column":46},"end":{"line":102,"column":5}},"line":94},"8":{"name":"(anonymous_8)","decl":{"start":{"line":104,"column":4},"end":{"line":104,"column":5}},"loc":{"start":{"line":104,"column":44},"end":{"line":111,"column":5}},"line":104}},"branchMap":{"0":{"loc":{"start":{"line":8,"column":12},"end":{"line":10,"column":13}},"type":"if","locations":[{"start":{"line":8,"column":12},"end":{"line":10,"column":13}},{"start":{},"end":{}}],"line":8},"1":{"loc":{"start":{"line":52,"column":8},"end":{"line":68,"column":9}},"type":"if","locations":[{"start":{"line":52,"column":8},"end":{"line":68,"column":9}},{"start":{"line":60,"column":15},"end":{"line":68,"column":9}}],"line":52}},"s":{"0":1,"1":1,"2":2,"3":2,"4":1,"5":1,"6":1,"7":0,"8":0,"9":2,"10":2,"11":1,"12":1,"13":2,"14":2,"15":1,"16":1,"17":2,"18":2,"19":1,"20":1,"21":4,"22":2,"23":2,"24":2,"25":1,"26":1,"27":2,"28":2,"29":2,"30":1,"31":1,"32":2,"33":2,"34":2,"35":2,"36":1,"37":1,"38":2,"39":2,"40":1,"41":1,"42":0,"43":0,"44":0,"45":0,"46":0,"47":2,"48":2,"49":1,"50":1,"51":1},"f":{"0":2,"1":2,"2":2,"3":2,"4":4,"5":2,"6":2,"7":0,"8":2},"b":{"0":[1,1],"1":[2,2]},"_coverageSchema":"1a1c01bbd47fc00a2c39e90264f33305004495a9","hash":"fe4a3b9c0e86a33230da6a390d7be6a74e01c3fc"}
,"C:\\Data\\Code\\NodeJS\\pwc\\advanced\\modules\\destination\\dao\\models\\destination.model.js": {"path":"C:\\Data\\Code\\NodeJS\\pwc\\advanced\\modules\\destination\\dao\\models\\destination.model.js","statementMap":{"0":{"start":{"line":1,"column":15},"end":{"line":1,"column":34}},"1":{"start":{"line":3,"column":23},"end":{"line":3,"column":63}},"2":{"start":{"line":4,"column":0},"end":{"line":4,"column":65}}},"fnMap":{},"branchMap":{},"s":{"0":6,"1":6,"2":6},"f":{},"b":{},"_coverageSchema":"1a1c01bbd47fc00a2c39e90264f33305004495a9","hash":"06e442f1f73ab4818eee50975cf52f639a37b7bd"}
,"C:\\Data\\Code\\NodeJS\\pwc\\advanced\\modules\\destination\\dao\\schemas\\destination.schema.js": {"path":"C:\\Data\\Code\\NodeJS\\pwc\\advanced\\modules\\destination\\dao\\schemas\\destination.schema.js","statementMap":{"0":{"start":{"line":1,"column":17},"end":{"line":1,"column":36}},"1":{"start":{"line":3,"column":26},"end":{"line":11,"column":2}},"2":{"start":{"line":13,"column":0},"end":{"line":13,"column":35}}},"fnMap":{},"branchMap":{},"s":{"0":6,"1":6,"2":6},"f":{},"b":{},"_coverageSchema":"1a1c01bbd47fc00a2c39e90264f33305004495a9","hash":"d60d83eccaf299a3a8e17e44ef2117f426ed7fd5"}
,"C:\\Data\\Code\\NodeJS\\pwc\\advanced\\modules\\destination\\service\\destination.service.js": {"path":"C:\\Data\\Code\\NodeJS\\pwc\\advanced\\modules\\destination\\service\\destination.service.js","statementMap":{"0":{"start":{"line":14,"column":0},"end":{"line":14,"column":36}}},"fnMap":{"0":{"name":"(anonymous_0)","decl":{"start":{"line":2,"column":4},"end":{"line":2,"column":5}},"loc":{"start":{"line":2,"column":45},"end":{"line":2,"column":48}},"line":2},"1":{"name":"(anonymous_1)","decl":{"start":{"line":3,"column":4},"end":{"line":3,"column":5}},"loc":{"start":{"line":3,"column":40},"end":{"line":3,"column":43}},"line":3},"2":{"name":"(anonymous_2)","decl":{"start":{"line":4,"column":4},"end":{"line":4,"column":5}},"loc":{"start":{"line":4,"column":63},"end":{"line":4,"column":66}},"line":4},"3":{"name":"(anonymous_3)","decl":{"start":{"line":5,"column":4},"end":{"line":5,"column":5}},"loc":{"start":{"line":5,"column":43},"end":{"line":5,"column":46}},"line":5},"4":{"name":"(anonymous_4)","decl":{"start":{"line":6,"column":4},"end":{"line":6,"column":5}},"loc":{"start":{"line":6,"column":41},"end":{"line":6,"column":44}},"line":6},"5":{"name":"(anonymous_5)","decl":{"start":{"line":7,"column":4},"end":{"line":7,"column":5}},"loc":{"start":{"line":7,"column":49},"end":{"line":7,"column":52}},"line":7},"6":{"name":"(anonymous_6)","decl":{"start":{"line":8,"column":4},"end":{"line":8,"column":5}},"loc":{"start":{"line":8,"column":64},"end":{"line":8,"column":67}},"line":8},"7":{"name":"(anonymous_7)","decl":{"start":{"line":9,"column":4},"end":{"line":9,"column":5}},"loc":{"start":{"line":9,"column":31},"end":{"line":9,"column":34}},"line":9},"8":{"name":"(anonymous_8)","decl":{"start":{"line":10,"column":4},"end":{"line":10,"column":5}},"loc":{"start":{"line":10,"column":46},"end":{"line":10,"column":49}},"line":10},"9":{"name":"(anonymous_9)","decl":{"start":{"line":11,"column":4},"end":{"line":11,"column":5}},"loc":{"start":{"line":11,"column":36},"end":{"line":11,"column":39}},"line":11}},"branchMap":{},"s":{"0":2},"f":{"0":0,"1":0,"2":0,"3":0,"4":0,"5":0,"6":0,"7":0,"8":0,"9":0},"b":{},"_coverageSchema":"1a1c01bbd47fc00a2c39e90264f33305004495a9","hash":"9fbcf3fea59c0e89bd91adde09ab6a27c44db1ec"}
,"C:\\Data\\Code\\NodeJS\\pwc\\advanced\\modules\\destination\\service\\impl\\destination.serviceImpl.js": {"path":"C:\\Data\\Code\\NodeJS\\pwc\\advanced\\modules\\destination\\service\\impl\\destination.serviceImpl.js","statementMap":{"0":{"start":{"line":1,"column":27},"end":{"line":1,"column":60}},"1":{"start":{"line":2,"column":25},"end":{"line":2,"column":70}},"2":{"start":{"line":6,"column":8},"end":{"line":11,"column":9}},"3":{"start":{"line":7,"column":32},"end":{"line":7,"column":78}},"4":{"start":{"line":8,"column":12},"end":{"line":8,"column":31}},"5":{"start":{"line":10,"column":12},"end":{"line":10,"column":61}},"6":{"start":{"line":15,"column":8},"end":{"line":23,"column":9}},"7":{"start":{"line":16,"column":32},"end":{"line":16,"column":78}},"8":{"start":{"line":17,"column":12},"end":{"line":19,"column":13}},"9":{"start":{"line":18,"column":16},"end":{"line":18,"column":58}},"10":{"start":{"line":20,"column":12},"end":{"line":20,"column":31}},"11":{"start":{"line":22,"column":12},"end":{"line":22,"column":58}},"12":{"start":{"line":27,"column":8},"end":{"line":39,"column":9}},"13":{"start":{"line":28,"column":32},"end":{"line":32,"column":13}},"14":{"start":{"line":33,"column":12},"end":{"line":35,"column":13}},"15":{"start":{"line":34,"column":16},"end":{"line":34,"column":58}},"16":{"start":{"line":36,"column":12},"end":{"line":36,"column":31}},"17":{"start":{"line":38,"column":12},"end":{"line":38,"column":61}},"18":{"start":{"line":43,"column":8},"end":{"line":51,"column":9}},"19":{"start":{"line":44,"column":32},"end":{"line":44,"column":87}},"20":{"start":{"line":45,"column":12},"end":{"line":47,"column":13}},"21":{"start":{"line":46,"column":16},"end":{"line":46,"column":58}},"22":{"start":{"line":48,"column":12},"end":{"line":48,"column":31}},"23":{"start":{"line":50,"column":12},"end":{"line":50,"column":61}},"24":{"start":{"line":55,"column":8},"end":{"line":60,"column":9}},"25":{"start":{"line":56,"column":33},"end":{"line":56,"column":103}},"26":{"start":{"line":57,"column":12},"end":{"line":57,"column":32}},"27":{"start":{"line":59,"column":12},"end":{"line":59,"column":70}},"28":{"start":{"line":64,"column":8},"end":{"line":69,"column":9}},"29":{"start":{"line":65,"column":33},"end":{"line":65,"column":74}},"30":{"start":{"line":66,"column":12},"end":{"line":66,"column":32}},"31":{"start":{"line":68,"column":12},"end":{"line":68,"column":74}},"32":{"start":{"line":73,"column":8},"end":{"line":80,"column":9}},"33":{"start":{"line":74,"column":33},"end":{"line":76,"column":14}},"34":{"start":{"line":77,"column":12},"end":{"line":77,"column":32}},"35":{"start":{"line":79,"column":12},"end":{"line":79,"column":78}},"36":{"start":{"line":84,"column":8},"end":{"line":89,"column":9}},"37":{"start":{"line":85,"column":33},"end":{"line":85,"column":62}},"38":{"start":{"line":86,"column":12},"end":{"line":86,"column":32}},"39":{"start":{"line":88,"column":12},"end":{"line":88,"column":63}},"40":{"start":{"line":93,"column":8},"end":{"line":98,"column":9}},"41":{"start":{"line":94,"column":33},"end":{"line":94,"column":74}},"42":{"start":{"line":95,"column":12},"end":{"line":95,"column":32}},"43":{"start":{"line":97,"column":12},"end":{"line":97,"column":71}},"44":{"start":{"line":102,"column":8},"end":{"line":134,"column":9}},"45":{"start":{"line":103,"column":41},"end":{"line":126,"column":14}},"46":{"start":{"line":127,"column":35},"end":{"line":127,"column":77}},"47":{"start":{"line":127,"column":68},"end":{"line":127,"column":76}},"48":{"start":{"line":128,"column":33},"end":{"line":130,"column":14}},"49":{"start":{"line":131,"column":12},"end":{"line":131,"column":32}},"50":{"start":{"line":133,"column":12},"end":{"line":133,"column":69}},"51":{"start":{"line":138,"column":0},"end":{"line":138,"column":40}}},"fnMap":{"0":{"name":"(anonymous_0)","decl":{"start":{"line":5,"column":4},"end":{"line":5,"column":5}},"loc":{"start":{"line":5,"column":45},"end":{"line":12,"column":5}},"line":5},"1":{"name":"(anonymous_1)","decl":{"start":{"line":14,"column":4},"end":{"line":14,"column":5}},"loc":{"start":{"line":14,"column":40},"end":{"line":24,"column":5}},"line":14},"2":{"name":"(anonymous_2)","decl":{"start":{"line":26,"column":4},"end":{"line":26,"column":5}},"loc":{"start":{"line":26,"column":63},"end":{"line":40,"column":5}},"line":26},"3":{"name":"(anonymous_3)","decl":{"start":{"line":42,"column":4},"end":{"line":42,"column":5}},"loc":{"start":{"line":42,"column":43},"end":{"line":52,"column":5}},"line":42},"4":{"name":"(anonymous_4)","decl":{"start":{"line":54,"column":4},"end":{"line":54,"column":5}},"loc":{"start":{"line":54,"column":41},"end":{"line":61,"column":5}},"line":54},"5":{"name":"(anonymous_5)","decl":{"start":{"line":63,"column":4},"end":{"line":63,"column":5}},"loc":{"start":{"line":63,"column":49},"end":{"line":70,"column":5}},"line":63},"6":{"name":"(anonymous_6)","decl":{"start":{"line":72,"column":4},"end":{"line":72,"column":5}},"loc":{"start":{"line":72,"column":64},"end":{"line":81,"column":5}},"line":72},"7":{"name":"(anonymous_7)","decl":{"start":{"line":83,"column":4},"end":{"line":83,"column":5}},"loc":{"start":{"line":83,"column":31},"end":{"line":90,"column":5}},"line":83},"8":{"name":"(anonymous_8)","decl":{"start":{"line":92,"column":4},"end":{"line":92,"column":5}},"loc":{"start":{"line":92,"column":46},"end":{"line":99,"column":5}},"line":92},"9":{"name":"(anonymous_9)","decl":{"start":{"line":101,"column":4},"end":{"line":101,"column":5}},"loc":{"start":{"line":101,"column":36},"end":{"line":135,"column":5}},"line":101},"10":{"name":"(anonymous_10)","decl":{"start":{"line":127,"column":60},"end":{"line":127,"column":61}},"loc":{"start":{"line":127,"column":68},"end":{"line":127,"column":76}},"line":127}},"branchMap":{"0":{"loc":{"start":{"line":17,"column":12},"end":{"line":19,"column":13}},"type":"if","locations":[{"start":{"line":17,"column":12},"end":{"line":19,"column":13}},{"start":{},"end":{}}],"line":17},"1":{"loc":{"start":{"line":33,"column":12},"end":{"line":35,"column":13}},"type":"if","locations":[{"start":{"line":33,"column":12},"end":{"line":35,"column":13}},{"start":{},"end":{}}],"line":33},"2":{"loc":{"start":{"line":45,"column":12},"end":{"line":47,"column":13}},"type":"if","locations":[{"start":{"line":45,"column":12},"end":{"line":47,"column":13}},{"start":{},"end":{}}],"line":45}},"s":{"0":2,"1":2,"2":2,"3":2,"4":1,"5":1,"6":2,"7":2,"8":1,"9":0,"10":1,"11":1,"12":2,"13":2,"14":1,"15":0,"16":1,"17":1,"18":2,"19":2,"20":1,"21":0,"22":1,"23":1,"24":2,"25":2,"26":1,"27":1,"28":2,"29":2,"30":1,"31":1,"32":2,"33":2,"34":1,"35":1,"36":2,"37":2,"38":1,"39":1,"40":2,"41":2,"42":1,"43":1,"44":2,"45":2,"46":1,"47":2,"48":1,"49":1,"50":1,"51":2},"f":{"0":2,"1":2,"2":2,"3":2,"4":2,"5":2,"6":2,"7":2,"8":2,"9":2,"10":2},"b":{"0":[0,1],"1":[0,1],"2":[0,1]},"_coverageSchema":"1a1c01bbd47fc00a2c39e90264f33305004495a9","hash":"d4c383fb18320680e72876b40912d7e89f95ffce"}
,"C:\\Data\\Code\\NodeJS\\pwc\\advanced\\modules\\review\\controller\\review.controller.js": {"path":"C:\\Data\\Code\\NodeJS\\pwc\\advanced\\modules\\review\\controller\\review.controller.js","statementMap":{"0":{"start":{"line":1,"column":26},"end":{"line":1,"column":71}},"1":{"start":{"line":2,"column":22},"end":{"line":2,"column":45}},"2":{"start":{"line":6,"column":8},"end":{"line":15,"column":9}},"3":{"start":{"line":7,"column":50},"end":{"line":7,"column":58}},"4":{"start":{"line":8,"column":12},"end":{"line":10,"column":13}},"5":{"start":{"line":9,"column":16},"end":{"line":9,"column":101}},"6":{"start":{"line":11,"column":30},"end":{"line":11,"column":72}},"7":{"start":{"line":12,"column":12},"end":{"line":12,"column":44}},"8":{"start":{"line":14,"column":12},"end":{"line":14,"column":72}},"9":{"start":{"line":19,"column":8},"end":{"line":24,"column":9}},"10":{"start":{"line":20,"column":27},"end":{"line":20,"column":77}},"11":{"start":{"line":21,"column":12},"end":{"line":21,"column":29}},"12":{"start":{"line":23,"column":12},"end":{"line":23,"column":67}},"13":{"start":{"line":28,"column":8},"end":{"line":36,"column":9}},"14":{"start":{"line":29,"column":34},"end":{"line":32,"column":13}},"15":{"start":{"line":33,"column":12},"end":{"line":33,"column":36}},"16":{"start":{"line":35,"column":12},"end":{"line":35,"column":80}},"17":{"start":{"line":40,"column":8},"end":{"line":45,"column":9}},"18":{"start":{"line":41,"column":34},"end":{"line":41,"column":87}},"19":{"start":{"line":42,"column":12},"end":{"line":42,"column":36}},"20":{"start":{"line":44,"column":12},"end":{"line":44,"column":65}},"21":{"start":{"line":49,"column":8},"end":{"line":55,"column":9}},"22":{"start":{"line":50,"column":36},"end":{"line":50,"column":61}},"23":{"start":{"line":51,"column":28},"end":{"line":51,"column":91}},"24":{"start":{"line":52,"column":12},"end":{"line":52,"column":30}},"25":{"start":{"line":54,"column":12},"end":{"line":54,"column":88}},"26":{"start":{"line":59,"column":8},"end":{"line":65,"column":9}},"27":{"start":{"line":60,"column":27},"end":{"line":60,"column":44}},"28":{"start":{"line":61,"column":28},"end":{"line":61,"column":75}},"29":{"start":{"line":62,"column":12},"end":{"line":62,"column":30}},"30":{"start":{"line":64,"column":12},"end":{"line":64,"column":81}},"31":{"start":{"line":69,"column":8},"end":{"line":79,"column":9}},"32":{"start":{"line":70,"column":30},"end":{"line":70,"column":55}},"33":{"start":{"line":71,"column":30},"end":{"line":71,"column":55}},"34":{"start":{"line":72,"column":12},"end":{"line":74,"column":13}},"35":{"start":{"line":73,"column":16},"end":{"line":73,"column":91}},"36":{"start":{"line":75,"column":28},"end":{"line":75,"column":91}},"37":{"start":{"line":76,"column":12},"end":{"line":76,"column":30}},"38":{"start":{"line":78,"column":12},"end":{"line":78,"column":83}},"39":{"start":{"line":83,"column":8},"end":{"line":88,"column":9}},"40":{"start":{"line":84,"column":28},"end":{"line":84,"column":63}},"41":{"start":{"line":85,"column":12},"end":{"line":85,"column":30}},"42":{"start":{"line":87,"column":12},"end":{"line":87,"column":74}},"43":{"start":{"line":92,"column":0},"end":{"line":92,"column":34}}},"fnMap":{"0":{"name":"(anonymous_0)","decl":{"start":{"line":5,"column":4},"end":{"line":5,"column":5}},"loc":{"start":{"line":5,"column":33},"end":{"line":16,"column":5}},"line":5},"1":{"name":"(anonymous_1)","decl":{"start":{"line":18,"column":4},"end":{"line":18,"column":5}},"loc":{"start":{"line":18,"column":30},"end":{"line":25,"column":5}},"line":18},"2":{"name":"(anonymous_2)","decl":{"start":{"line":27,"column":4},"end":{"line":27,"column":5}},"loc":{"start":{"line":27,"column":33},"end":{"line":37,"column":5}},"line":27},"3":{"name":"(anonymous_3)","decl":{"start":{"line":39,"column":4},"end":{"line":39,"column":5}},"loc":{"start":{"line":39,"column":33},"end":{"line":46,"column":5}},"line":39},"4":{"name":"(anonymous_4)","decl":{"start":{"line":48,"column":4},"end":{"line":48,"column":5}},"loc":{"start":{"line":48,"column":47},"end":{"line":56,"column":5}},"line":48},"5":{"name":"(anonymous_5)","decl":{"start":{"line":58,"column":4},"end":{"line":58,"column":5}},"loc":{"start":{"line":58,"column":40},"end":{"line":66,"column":5}},"line":58},"6":{"name":"(anonymous_6)","decl":{"start":{"line":68,"column":4},"end":{"line":68,"column":5}},"loc":{"start":{"line":68,"column":42},"end":{"line":80,"column":5}},"line":68},"7":{"name":"(anonymous_7)","decl":{"start":{"line":82,"column":4},"end":{"line":82,"column":5}},"loc":{"start":{"line":82,"column":34},"end":{"line":89,"column":5}},"line":82}},"branchMap":{"0":{"loc":{"start":{"line":8,"column":12},"end":{"line":10,"column":13}},"type":"if","locations":[{"start":{"line":8,"column":12},"end":{"line":10,"column":13}},{"start":{},"end":{}}],"line":8},"1":{"loc":{"start":{"line":8,"column":16},"end":{"line":8,"column":48}},"type":"binary-expr","locations":[{"start":{"line":8,"column":16},"end":{"line":8,"column":21}},{"start":{"line":8,"column":25},"end":{"line":8,"column":37}},{"start":{"line":8,"column":41},"end":{"line":8,"column":48}}],"line":8},"2":{"loc":{"start":{"line":72,"column":12},"end":{"line":74,"column":13}},"type":"if","locations":[{"start":{"line":72,"column":12},"end":{"line":74,"column":13}},{"start":{},"end":{}}],"line":72},"3":{"loc":{"start":{"line":72,"column":15},"end":{"line":72,"column":39}},"type":"binary-expr","locations":[{"start":{"line":72,"column":15},"end":{"line":72,"column":25}},{"start":{"line":72,"column":29},"end":{"line":72,"column":39}}],"line":72}},"s":{"0":1,"1":1,"2":3,"3":3,"4":3,"5":1,"6":2,"7":1,"8":1,"9":2,"10":2,"11":1,"12":1,"13":2,"14":2,"15":1,"16":1,"17":2,"18":2,"19":1,"20":1,"21":2,"22":2,"23":2,"24":1,"25":1,"26":0,"27":0,"28":0,"29":0,"30":0,"31":3,"32":3,"33":3,"34":3,"35":1,"36":2,"37":1,"38":1,"39":2,"40":2,"41":1,"42":1,"43":1},"f":{"0":3,"1":2,"2":2,"3":2,"4":2,"5":0,"6":3,"7":2},"b":{"0":[1,2],"1":[3,3,3],"2":[1,2],"3":[3,2]},"_coverageSchema":"1a1c01bbd47fc00a2c39e90264f33305004495a9","hash":"141220ab340a01ed54da227ce3eff6996ef619a8"}
,"C:\\Data\\Code\\NodeJS\\pwc\\advanced\\modules\\review\\dao\\models\\review.model.js": {"path":"C:\\Data\\Code\\NodeJS\\pwc\\advanced\\modules\\review\\dao\\models\\review.model.js","statementMap":{"0":{"start":{"line":1,"column":15},"end":{"line":1,"column":34}},"1":{"start":{"line":3,"column":18},"end":{"line":3,"column":53}},"2":{"start":{"line":4,"column":0},"end":{"line":4,"column":55}}},"fnMap":{},"branchMap":{},"s":{"0":2,"1":2,"2":2},"f":{},"b":{},"_coverageSchema":"1a1c01bbd47fc00a2c39e90264f33305004495a9","hash":"c6f531e8e2b5b558eb06f817fb2a2696fdec12f7"}
,"C:\\Data\\Code\\NodeJS\\pwc\\advanced\\modules\\review\\dao\\schemas\\review.schema.js": {"path":"C:\\Data\\Code\\NodeJS\\pwc\\advanced\\modules\\review\\dao\\schemas\\review.schema.js","statementMap":{"0":{"start":{"line":1,"column":17},"end":{"line":1,"column":36}},"1":{"start":{"line":3,"column":21},"end":{"line":9,"column":2}},"2":{"start":{"line":11,"column":0},"end":{"line":11,"column":30}}},"fnMap":{},"branchMap":{},"s":{"0":2,"1":2,"2":2},"f":{},"b":{},"_coverageSchema":"1a1c01bbd47fc00a2c39e90264f33305004495a9","hash":"3fe3961501dec42b18ff7ec32165b40fbabb6a50"}
,"C:\\Data\\Code\\NodeJS\\pwc\\advanced\\modules\\review\\routes\\review.routes.js": {"path":"C:\\Data\\Code\\NodeJS\\pwc\\advanced\\modules\\review\\routes\\review.routes.js","statementMap":{"0":{"start":{"line":1,"column":16},"end":{"line":1,"column":34}},"1":{"start":{"line":2,"column":15},"end":{"line":2,"column":31}},"2":{"start":{"line":3,"column":25},"end":{"line":3,"column":67}},"3":{"start":{"line":5,"column":25},"end":{"line":5,"column":47}},"4":{"start":{"line":7,"column":18},"end":{"line":7,"column":61}},"5":{"start":{"line":9,"column":0},"end":{"line":9,"column":48}},"6":{"start":{"line":10,"column":0},"end":{"line":10,"column":59}},"7":{"start":{"line":11,"column":0},"end":{"line":11,"column":67}},"8":{"start":{"line":12,"column":0},"end":{"line":12,"column":69}},"9":{"start":{"line":13,"column":0},"end":{"line":13,"column":53}},"10":{"start":{"line":14,"column":0},"end":{"line":14,"column":56}},"11":{"start":{"line":15,"column":0},"end":{"line":15,"column":70}},"12":{"start":{"line":17,"column":0},"end":{"line":17,"column":24}}},"fnMap":{},"branchMap":{},"s":{"0":1,"1":1,"2":1,"3":1,"4":1,"5":1,"6":1,"7":1,"8":1,"9":1,"10":1,"11":1,"12":1},"f":{},"b":{},"_coverageSchema":"1a1c01bbd47fc00a2c39e90264f33305004495a9","hash":"2ebfcac8cce859305ec1bd2e91b990c7dd9c9c30"}
,"C:\\Data\\Code\\NodeJS\\pwc\\advanced\\modules\\review\\service\\review.service.js": {"path":"C:\\Data\\Code\\NodeJS\\pwc\\advanced\\modules\\review\\service\\review.service.js","statementMap":{"0":{"start":{"line":12,"column":0},"end":{"line":12,"column":31}}},"fnMap":{"0":{"name":"(anonymous_0)","decl":{"start":{"line":2,"column":4},"end":{"line":2,"column":5}},"loc":{"start":{"line":2,"column":35},"end":{"line":2,"column":38}},"line":2},"1":{"name":"(anonymous_1)","decl":{"start":{"line":3,"column":4},"end":{"line":3,"column":5}},"loc":{"start":{"line":3,"column":30},"end":{"line":3,"column":33}},"line":3},"2":{"name":"(anonymous_2)","decl":{"start":{"line":4,"column":4},"end":{"line":4,"column":5}},"loc":{"start":{"line":4,"column":48},"end":{"line":4,"column":51}},"line":4},"3":{"name":"(anonymous_3)","decl":{"start":{"line":5,"column":4},"end":{"line":5,"column":5}},"loc":{"start":{"line":5,"column":33},"end":{"line":5,"column":36}},"line":5},"4":{"name":"(anonymous_4)","decl":{"start":{"line":6,"column":4},"end":{"line":6,"column":5}},"loc":{"start":{"line":6,"column":54},"end":{"line":6,"column":57}},"line":6},"5":{"name":"(anonymous_5)","decl":{"start":{"line":7,"column":4},"end":{"line":7,"column":5}},"loc":{"start":{"line":7,"column":38},"end":{"line":7,"column":41}},"line":7},"6":{"name":"(anonymous_6)","decl":{"start":{"line":8,"column":4},"end":{"line":8,"column":5}},"loc":{"start":{"line":8,"column":54},"end":{"line":8,"column":57}},"line":8},"7":{"name":"(anonymous_7)","decl":{"start":{"line":9,"column":4},"end":{"line":9,"column":5}},"loc":{"start":{"line":9,"column":26},"end":{"line":9,"column":29}},"line":9}},"branchMap":{},"s":{"0":2},"f":{"0":0,"1":0,"2":0,"3":0,"4":0,"5":0,"6":0,"7":0},"b":{},"_coverageSchema":"1a1c01bbd47fc00a2c39e90264f33305004495a9","hash":"16a898b3b0ad23c37924eb6111c898d306c924a5"}
,"C:\\Data\\Code\\NodeJS\\pwc\\advanced\\modules\\review\\service\\impl\\review.serviceImpl.js": {"path":"C:\\Data\\Code\\NodeJS\\pwc\\advanced\\modules\\review\\service\\impl\\review.serviceImpl.js","statementMap":{"0":{"start":{"line":1,"column":20},"end":{"line":1,"column":60}},"1":{"start":{"line":2,"column":18},"end":{"line":2,"column":64}},"2":{"start":{"line":3,"column":22},"end":{"line":3,"column":50}},"3":{"start":{"line":7,"column":8},"end":{"line":13,"column":9}},"4":{"start":{"line":8,"column":27},"end":{"line":8,"column":63}},"5":{"start":{"line":9,"column":12},"end":{"line":9,"column":95}},"6":{"start":{"line":10,"column":12},"end":{"line":10,"column":26}},"7":{"start":{"line":12,"column":12},"end":{"line":12,"column":56}},"8":{"start":{"line":17,"column":8},"end":{"line":25,"column":9}},"9":{"start":{"line":18,"column":27},"end":{"line":18,"column":63}},"10":{"start":{"line":19,"column":12},"end":{"line":21,"column":13}},"11":{"start":{"line":20,"column":16},"end":{"line":20,"column":53}},"12":{"start":{"line":22,"column":12},"end":{"line":22,"column":26}},"13":{"start":{"line":24,"column":12},"end":{"line":24,"column":61}},"14":{"start":{"line":29,"column":8},"end":{"line":41,"column":9}},"15":{"start":{"line":30,"column":27},"end":{"line":34,"column":13}},"16":{"start":{"line":35,"column":12},"end":{"line":37,"column":13}},"17":{"start":{"line":36,"column":16},"end":{"line":36,"column":53}},"18":{"start":{"line":38,"column":12},"end":{"line":38,"column":26}},"19":{"start":{"line":40,"column":12},"end":{"line":40,"column":64}},"20":{"start":{"line":45,"column":8},"end":{"line":54,"column":9}},"21":{"start":{"line":46,"column":27},"end":{"line":46,"column":72}},"22":{"start":{"line":47,"column":12},"end":{"line":49,"column":13}},"23":{"start":{"line":48,"column":16},"end":{"line":48,"column":53}},"24":{"start":{"line":50,"column":12},"end":{"line":50,"column":95}},"25":{"start":{"line":51,"column":12},"end":{"line":51,"column":26}},"26":{"start":{"line":53,"column":12},"end":{"line":53,"column":56}},"27":{"start":{"line":58,"column":8},"end":{"line":84,"column":9}},"28":{"start":{"line":59,"column":28},"end":{"line":79,"column":14}},"29":{"start":{"line":81,"column":12},"end":{"line":81,"column":27}},"30":{"start":{"line":83,"column":12},"end":{"line":83,"column":77}},"31":{"start":{"line":88,"column":8},"end":{"line":93,"column":9}},"32":{"start":{"line":89,"column":28},"end":{"line":89,"column":68}},"33":{"start":{"line":90,"column":12},"end":{"line":90,"column":27}},"34":{"start":{"line":92,"column":12},"end":{"line":92,"column":65}},"35":{"start":{"line":97,"column":8},"end":{"line":104,"column":9}},"36":{"start":{"line":98,"column":28},"end":{"line":100,"column":14}},"37":{"start":{"line":101,"column":12},"end":{"line":101,"column":27}},"38":{"start":{"line":103,"column":12},"end":{"line":103,"column":67}},"39":{"start":{"line":108,"column":8},"end":{"line":113,"column":9}},"40":{"start":{"line":109,"column":28},"end":{"line":109,"column":52}},"41":{"start":{"line":110,"column":12},"end":{"line":110,"column":27}},"42":{"start":{"line":112,"column":12},"end":{"line":112,"column":58}},"43":{"start":{"line":117,"column":0},"end":{"line":117,"column":35}}},"fnMap":{"0":{"name":"(anonymous_0)","decl":{"start":{"line":6,"column":4},"end":{"line":6,"column":5}},"loc":{"start":{"line":6,"column":35},"end":{"line":14,"column":5}},"line":6},"1":{"name":"(anonymous_1)","decl":{"start":{"line":16,"column":4},"end":{"line":16,"column":5}},"loc":{"start":{"line":16,"column":30},"end":{"line":26,"column":5}},"line":16},"2":{"name":"(anonymous_2)","decl":{"start":{"line":28,"column":4},"end":{"line":28,"column":5}},"loc":{"start":{"line":28,"column":48},"end":{"line":42,"column":5}},"line":28},"3":{"name":"(anonymous_3)","decl":{"start":{"line":44,"column":4},"end":{"line":44,"column":5}},"loc":{"start":{"line":44,"column":33},"end":{"line":55,"column":5}},"line":44},"4":{"name":"(anonymous_4)","decl":{"start":{"line":57,"column":4},"end":{"line":57,"column":5}},"loc":{"start":{"line":57,"column":54},"end":{"line":85,"column":5}},"line":57},"5":{"name":"(anonymous_5)","decl":{"start":{"line":87,"column":4},"end":{"line":87,"column":5}},"loc":{"start":{"line":87,"column":38},"end":{"line":94,"column":5}},"line":87},"6":{"name":"(anonymous_6)","decl":{"start":{"line":96,"column":4},"end":{"line":96,"column":5}},"loc":{"start":{"line":96,"column":54},"end":{"line":105,"column":5}},"line":96},"7":{"name":"(anonymous_7)","decl":{"start":{"line":107,"column":4},"end":{"line":107,"column":5}},"loc":{"start":{"line":107,"column":26},"end":{"line":114,"column":5}},"line":107}},"branchMap":{"0":{"loc":{"start":{"line":19,"column":12},"end":{"line":21,"column":13}},"type":"if","locations":[{"start":{"line":19,"column":12},"end":{"line":21,"column":13}},{"start":{},"end":{}}],"line":19},"1":{"loc":{"start":{"line":35,"column":12},"end":{"line":37,"column":13}},"type":"if","locations":[{"start":{"line":35,"column":12},"end":{"line":37,"column":13}},{"start":{},"end":{}}],"line":35},"2":{"loc":{"start":{"line":47,"column":12},"end":{"line":49,"column":13}},"type":"if","locations":[{"start":{"line":47,"column":12},"end":{"line":49,"column":13}},{"start":{},"end":{}}],"line":47}},"s":{"0":2,"1":2,"2":2,"3":2,"4":2,"5":1,"6":1,"7":1,"8":2,"9":2,"10":1,"11":0,"12":1,"13":1,"14":2,"15":2,"16":1,"17":0,"18":1,"19":1,"20":2,"21":2,"22":1,"23":0,"24":1,"25":1,"26":1,"27":2,"28":2,"29":1,"30":1,"31":2,"32":2,"33":1,"34":1,"35":2,"36":2,"37":1,"38":1,"39":2,"40":2,"41":1,"42":1,"43":2},"f":{"0":2,"1":2,"2":2,"3":2,"4":2,"5":2,"6":2,"7":2},"b":{"0":[0,1],"1":[0,1],"2":[0,1]},"_coverageSchema":"1a1c01bbd47fc00a2c39e90264f33305004495a9","hash":"51e3f32b2e85ae190064a6a2ea3e8545d4ab4fc8"}
,"C:\\Data\\Code\\NodeJS\\pwc\\advanced\\modules\\trip-plan\\controller\\trip-plan.controller.js": {"path":"C:\\Data\\Code\\NodeJS\\pwc\\advanced\\modules\\trip-plan\\controller\\trip-plan.controller.js","statementMap":{"0":{"start":{"line":1,"column":28},"end":{"line":1,"column":76}},"1":{"start":{"line":2,"column":24},"end":{"line":2,"column":49}},"2":{"start":{"line":6,"column":8},"end":{"line":15,"column":9}},"3":{"start":{"line":7,"column":42},"end":{"line":7,"column":50}},"4":{"start":{"line":8,"column":12},"end":{"line":10,"column":13}},"5":{"start":{"line":9,"column":16},"end":{"line":9,"column":93}},"6":{"start":{"line":11,"column":32},"end":{"line":11,"column":78}},"7":{"start":{"line":12,"column":12},"end":{"line":12,"column":46}},"8":{"start":{"line":14,"column":12},"end":{"line":14,"column":75}},"9":{"start":{"line":19,"column":8},"end":{"line":24,"column":9}},"10":{"start":{"line":20,"column":29},"end":{"line":20,"column":85}},"11":{"start":{"line":21,"column":12},"end":{"line":21,"column":31}},"12":{"start":{"line":23,"column":12},"end":{"line":23,"column":68}},"13":{"start":{"line":28,"column":8},"end":{"line":36,"column":9}},"14":{"start":{"line":29,"column":36},"end":{"line":32,"column":13}},"15":{"start":{"line":33,"column":12},"end":{"line":33,"column":38}},"16":{"start":{"line":35,"column":12},"end":{"line":35,"column":83}},"17":{"start":{"line":40,"column":8},"end":{"line":45,"column":9}},"18":{"start":{"line":41,"column":36},"end":{"line":41,"column":95}},"19":{"start":{"line":42,"column":12},"end":{"line":42,"column":38}},"20":{"start":{"line":44,"column":12},"end":{"line":44,"column":68}},"21":{"start":{"line":49,"column":8},"end":{"line":66,"column":9}},"22":{"start":{"line":50,"column":12},"end":{"line":56,"column":13}},"23":{"start":{"line":51,"column":38},"end":{"line":51,"column":63}},"24":{"start":{"line":52,"column":34},"end":{"line":52,"column":99}},"25":{"start":{"line":53,"column":16},"end":{"line":53,"column":36}},"26":{"start":{"line":55,"column":16},"end":{"line":55,"column":95}},"27":{"start":{"line":58,"column":12},"end":{"line":65,"column":13}},"28":{"start":{"line":59,"column":34},"end":{"line":59,"column":59}},"29":{"start":{"line":60,"column":34},"end":{"line":60,"column":59}},"30":{"start":{"line":61,"column":34},"end":{"line":61,"column":106}},"31":{"start":{"line":62,"column":16},"end":{"line":62,"column":36}},"32":{"start":{"line":64,"column":16},"end":{"line":64,"column":96}},"33":{"start":{"line":70,"column":8},"end":{"line":75,"column":9}},"34":{"start":{"line":71,"column":30},"end":{"line":71,"column":69}},"35":{"start":{"line":72,"column":12},"end":{"line":72,"column":32}},"36":{"start":{"line":74,"column":12},"end":{"line":74,"column":77}},"37":{"start":{"line":79,"column":8},"end":{"line":85,"column":9}},"38":{"start":{"line":80,"column":27},"end":{"line":80,"column":39}},"39":{"start":{"line":81,"column":30},"end":{"line":81,"column":78}},"40":{"start":{"line":82,"column":12},"end":{"line":82,"column":32}},"41":{"start":{"line":84,"column":12},"end":{"line":84,"column":81}},"42":{"start":{"line":89,"column":8},"end":{"line":94,"column":9}},"43":{"start":{"line":90,"column":37},"end":{"line":90,"column":80}},"44":{"start":{"line":91,"column":12},"end":{"line":91,"column":39}},"45":{"start":{"line":93,"column":12},"end":{"line":93,"column":81}},"46":{"start":{"line":98,"column":0},"end":{"line":98,"column":36}}},"fnMap":{"0":{"name":"(anonymous_0)","decl":{"start":{"line":5,"column":4},"end":{"line":5,"column":5}},"loc":{"start":{"line":5,"column":35},"end":{"line":16,"column":5}},"line":5},"1":{"name":"(anonymous_1)","decl":{"start":{"line":18,"column":4},"end":{"line":18,"column":5}},"loc":{"start":{"line":18,"column":32},"end":{"line":25,"column":5}},"line":18},"2":{"name":"(anonymous_2)","decl":{"start":{"line":27,"column":4},"end":{"line":27,"column":5}},"loc":{"start":{"line":27,"column":35},"end":{"line":37,"column":5}},"line":27},"3":{"name":"(anonymous_3)","decl":{"start":{"line":39,"column":4},"end":{"line":39,"column":5}},"loc":{"start":{"line":39,"column":35},"end":{"line":46,"column":5}},"line":39},"4":{"name":"(anonymous_4)","decl":{"start":{"line":48,"column":4},"end":{"line":48,"column":5}},"loc":{"start":{"line":48,"column":49},"end":{"line":67,"column":5}},"line":48},"5":{"name":"(anonymous_5)","decl":{"start":{"line":69,"column":4},"end":{"line":69,"column":5}},"loc":{"start":{"line":69,"column":36},"end":{"line":76,"column":5}},"line":69},"6":{"name":"(anonymous_6)","decl":{"start":{"line":78,"column":4},"end":{"line":78,"column":5}},"loc":{"start":{"line":78,"column":39},"end":{"line":86,"column":5}},"line":78},"7":{"name":"(anonymous_7)","decl":{"start":{"line":88,"column":4},"end":{"line":88,"column":5}},"loc":{"start":{"line":88,"column":40},"end":{"line":95,"column":5}},"line":88}},"branchMap":{"0":{"loc":{"start":{"line":8,"column":12},"end":{"line":10,"column":13}},"type":"if","locations":[{"start":{"line":8,"column":12},"end":{"line":10,"column":13}},{"start":{},"end":{}}],"line":8},"1":{"loc":{"start":{"line":8,"column":16},"end":{"line":8,"column":37}},"type":"binary-expr","locations":[{"start":{"line":8,"column":16},"end":{"line":8,"column":21}},{"start":{"line":8,"column":25},"end":{"line":8,"column":37}}],"line":8},"2":{"loc":{"start":{"line":49,"column":8},"end":{"line":66,"column":9}},"type":"if","locations":[{"start":{"line":49,"column":8},"end":{"line":66,"column":9}},{"start":{"line":57,"column":15},"end":{"line":66,"column":9}}],"line":49}},"s":{"0":1,"1":1,"2":3,"3":3,"4":3,"5":1,"6":2,"7":1,"8":1,"9":2,"10":2,"11":1,"12":1,"13":2,"14":2,"15":1,"16":1,"17":2,"18":2,"19":1,"20":1,"21":4,"22":2,"23":2,"24":2,"25":1,"26":1,"27":2,"28":2,"29":2,"30":2,"31":1,"32":1,"33":2,"34":2,"35":1,"36":1,"37":2,"38":2,"39":2,"40":1,"41":1,"42":2,"43":2,"44":1,"45":1,"46":1},"f":{"0":3,"1":2,"2":2,"3":2,"4":4,"5":2,"6":2,"7":2},"b":{"0":[1,2],"1":[3,3],"2":[2,2]},"_coverageSchema":"1a1c01bbd47fc00a2c39e90264f33305004495a9","hash":"6efeb463c81083732e79988e4eb66e4d6add1af6"}
,"C:\\Data\\Code\\NodeJS\\pwc\\advanced\\modules\\trip-plan\\dao\\models\\trip-plan.model.js": {"path":"C:\\Data\\Code\\NodeJS\\pwc\\advanced\\modules\\trip-plan\\dao\\models\\trip-plan.model.js","statementMap":{"0":{"start":{"line":1,"column":15},"end":{"line":1,"column":34}},"1":{"start":{"line":3,"column":20},"end":{"line":3,"column":58}},"2":{"start":{"line":4,"column":0},"end":{"line":4,"column":59}}},"fnMap":{},"branchMap":{},"s":{"0":2,"1":2,"2":2},"f":{},"b":{},"_coverageSchema":"1a1c01bbd47fc00a2c39e90264f33305004495a9","hash":"b863f0950e92f3410bc430ae6f4f02b50a7afedb"}
,"C:\\Data\\Code\\NodeJS\\pwc\\advanced\\modules\\trip-plan\\dao\\schemas\\trip-plan.schema.js": {"path":"C:\\Data\\Code\\NodeJS\\pwc\\advanced\\modules\\trip-plan\\dao\\schemas\\trip-plan.schema.js","statementMap":{"0":{"start":{"line":1,"column":17},"end":{"line":1,"column":36}},"1":{"start":{"line":3,"column":23},"end":{"line":14,"column":2}},"2":{"start":{"line":16,"column":0},"end":{"line":16,"column":32}}},"fnMap":{},"branchMap":{},"s":{"0":2,"1":2,"2":2},"f":{},"b":{},"_coverageSchema":"1a1c01bbd47fc00a2c39e90264f33305004495a9","hash":"918013e0c0999b51d0927531e3905c3b485bcb48"}
,"C:\\Data\\Code\\NodeJS\\pwc\\advanced\\modules\\trip-plan\\routes\\trip-plan.routes.js": {"path":"C:\\Data\\Code\\NodeJS\\pwc\\advanced\\modules\\trip-plan\\routes\\trip-plan.routes.js","statementMap":{"0":{"start":{"line":1,"column":16},"end":{"line":1,"column":34}},"1":{"start":{"line":2,"column":15},"end":{"line":2,"column":31}},"2":{"start":{"line":4,"column":27},"end":{"line":4,"column":72}},"3":{"start":{"line":5,"column":18},"end":{"line":5,"column":61}},"4":{"start":{"line":7,"column":27},"end":{"line":7,"column":51}},"5":{"start":{"line":9,"column":0},"end":{"line":9,"column":52}},"6":{"start":{"line":10,"column":0},"end":{"line":10,"column":63}},"7":{"start":{"line":11,"column":0},"end":{"line":11,"column":71}},"8":{"start":{"line":12,"column":0},"end":{"line":12,"column":68}},"9":{"start":{"line":13,"column":0},"end":{"line":13,"column":52}},"10":{"start":{"line":14,"column":0},"end":{"line":14,"column":59}},"11":{"start":{"line":15,"column":0},"end":{"line":15,"column":62}},"12":{"start":{"line":16,"column":0},"end":{"line":16,"column":65}},"13":{"start":{"line":18,"column":0},"end":{"line":18,"column":24}}},"fnMap":{},"branchMap":{},"s":{"0":1,"1":1,"2":1,"3":1,"4":1,"5":1,"6":1,"7":1,"8":1,"9":1,"10":1,"11":1,"12":1,"13":1},"f":{},"b":{},"_coverageSchema":"1a1c01bbd47fc00a2c39e90264f33305004495a9","hash":"18197ced8311151eb2fe1063164593565eddae4a"}
,"C:\\Data\\Code\\NodeJS\\pwc\\advanced\\modules\\trip-plan\\service\\trip-plan.service.js": {"path":"C:\\Data\\Code\\NodeJS\\pwc\\advanced\\modules\\trip-plan\\service\\trip-plan.service.js","statementMap":{"0":{"start":{"line":13,"column":0},"end":{"line":13,"column":33}}},"fnMap":{"0":{"name":"(anonymous_0)","decl":{"start":{"line":2,"column":4},"end":{"line":2,"column":5}},"loc":{"start":{"line":2,"column":39},"end":{"line":2,"column":42}},"line":2},"1":{"name":"(anonymous_1)","decl":{"start":{"line":3,"column":4},"end":{"line":3,"column":5}},"loc":{"start":{"line":3,"column":34},"end":{"line":3,"column":37}},"line":3},"2":{"name":"(anonymous_2)","decl":{"start":{"line":4,"column":4},"end":{"line":4,"column":5}},"loc":{"start":{"line":4,"column":54},"end":{"line":4,"column":57}},"line":4},"3":{"name":"(anonymous_3)","decl":{"start":{"line":5,"column":4},"end":{"line":5,"column":5}},"loc":{"start":{"line":5,"column":37},"end":{"line":5,"column":40}},"line":5},"4":{"name":"(anonymous_4)","decl":{"start":{"line":6,"column":4},"end":{"line":6,"column":5}},"loc":{"start":{"line":6,"column":56},"end":{"line":6,"column":59}},"line":6},"5":{"name":"(anonymous_5)","decl":{"start":{"line":7,"column":4},"end":{"line":7,"column":5}},"loc":{"start":{"line":7,"column":61},"end":{"line":7,"column":64}},"line":7},"6":{"name":"(anonymous_6)","decl":{"start":{"line":8,"column":4},"end":{"line":8,"column":5}},"loc":{"start":{"line":8,"column":28},"end":{"line":8,"column":31}},"line":8},"7":{"name":"(anonymous_7)","decl":{"start":{"line":9,"column":4},"end":{"line":9,"column":5}},"loc":{"start":{"line":9,"column":37},"end":{"line":9,"column":40}},"line":9},"8":{"name":"(anonymous_8)","decl":{"start":{"line":10,"column":4},"end":{"line":10,"column":5}},"loc":{"start":{"line":10,"column":32},"end":{"line":10,"column":35}},"line":10}},"branchMap":{},"s":{"0":2},"f":{"0":0,"1":0,"2":0,"3":0,"4":0,"5":0,"6":0,"7":0,"8":0},"b":{},"_coverageSchema":"1a1c01bbd47fc00a2c39e90264f33305004495a9","hash":"59f3aae816074862a5a12070843be417b7b82970"}
,"C:\\Data\\Code\\NodeJS\\pwc\\advanced\\modules\\trip-plan\\service\\impl\\trip-plan.serviceImpl.js": {"path":"C:\\Data\\Code\\NodeJS\\pwc\\advanced\\modules\\trip-plan\\service\\impl\\trip-plan.serviceImpl.js","statementMap":{"0":{"start":{"line":1,"column":25},"end":{"line":1,"column":85}},"1":{"start":{"line":2,"column":22},"end":{"line":2,"column":65}},"2":{"start":{"line":3,"column":18},"end":{"line":3,"column":64}},"3":{"start":{"line":4,"column":24},"end":{"line":4,"column":55}},"4":{"start":{"line":8,"column":8},"end":{"line":14,"column":9}},"5":{"start":{"line":9,"column":29},"end":{"line":9,"column":69}},"6":{"start":{"line":10,"column":12},"end":{"line":10,"column":97}},"7":{"start":{"line":11,"column":12},"end":{"line":11,"column":28}},"8":{"start":{"line":13,"column":12},"end":{"line":13,"column":59}},"9":{"start":{"line":18,"column":8},"end":{"line":26,"column":9}},"10":{"start":{"line":19,"column":29},"end":{"line":19,"column":69}},"11":{"start":{"line":20,"column":12},"end":{"line":22,"column":13}},"12":{"start":{"line":21,"column":16},"end":{"line":21,"column":56}},"13":{"start":{"line":23,"column":12},"end":{"line":23,"column":28}},"14":{"start":{"line":25,"column":12},"end":{"line":25,"column":64}},"15":{"start":{"line":30,"column":8},"end":{"line":42,"column":9}},"16":{"start":{"line":31,"column":29},"end":{"line":35,"column":13}},"17":{"start":{"line":36,"column":12},"end":{"line":38,"column":13}},"18":{"start":{"line":37,"column":16},"end":{"line":37,"column":56}},"19":{"start":{"line":39,"column":12},"end":{"line":39,"column":28}},"20":{"start":{"line":41,"column":12},"end":{"line":41,"column":67}},"21":{"start":{"line":46,"column":8},"end":{"line":55,"column":9}},"22":{"start":{"line":47,"column":29},"end":{"line":47,"column":78}},"23":{"start":{"line":48,"column":12},"end":{"line":50,"column":13}},"24":{"start":{"line":49,"column":16},"end":{"line":49,"column":56}},"25":{"start":{"line":51,"column":12},"end":{"line":51,"column":97}},"26":{"start":{"line":52,"column":12},"end":{"line":52,"column":28}},"27":{"start":{"line":54,"column":12},"end":{"line":54,"column":59}},"28":{"start":{"line":59,"column":8},"end":{"line":70,"column":9}},"29":{"start":{"line":60,"column":26},"end":{"line":60,"column":58}},"30":{"start":{"line":61,"column":33},"end":{"line":61,"column":77}},"31":{"start":{"line":62,"column":12},"end":{"line":64,"column":13}},"32":{"start":{"line":63,"column":16},"end":{"line":63,"column":59}},"33":{"start":{"line":65,"column":35},"end":{"line":65,"column":83}},"34":{"start":{"line":65,"column":67},"end":{"line":65,"column":82}},"35":{"start":{"line":66,"column":30},"end":{"line":66,"column":96}},"36":{"start":{"line":67,"column":12},"end":{"line":67,"column":29}},"37":{"start":{"line":69,"column":12},"end":{"line":69,"column":75}},"38":{"start":{"line":74,"column":8},"end":{"line":81,"column":9}},"39":{"start":{"line":75,"column":30},"end":{"line":77,"column":14}},"40":{"start":{"line":78,"column":12},"end":{"line":78,"column":29}},"41":{"start":{"line":80,"column":12},"end":{"line":80,"column":76}},"42":{"start":{"line":85,"column":8},"end":{"line":90,"column":9}},"43":{"start":{"line":86,"column":30},"end":{"line":86,"column":56}},"44":{"start":{"line":87,"column":12},"end":{"line":87,"column":29}},"45":{"start":{"line":89,"column":12},"end":{"line":89,"column":61}},"46":{"start":{"line":94,"column":8},"end":{"line":99,"column":9}},"47":{"start":{"line":95,"column":30},"end":{"line":95,"column":72}},"48":{"start":{"line":96,"column":12},"end":{"line":96,"column":29}},"49":{"start":{"line":98,"column":12},"end":{"line":98,"column":65}},"50":{"start":{"line":103,"column":8},"end":{"line":135,"column":9}},"51":{"start":{"line":104,"column":30},"end":{"line":131,"column":14}},"52":{"start":{"line":132,"column":12},"end":{"line":132,"column":29}},"53":{"start":{"line":134,"column":12},"end":{"line":134,"column":65}},"54":{"start":{"line":139,"column":0},"end":{"line":139,"column":37}}},"fnMap":{"0":{"name":"(anonymous_0)","decl":{"start":{"line":7,"column":4},"end":{"line":7,"column":5}},"loc":{"start":{"line":7,"column":39},"end":{"line":15,"column":5}},"line":7},"1":{"name":"(anonymous_1)","decl":{"start":{"line":17,"column":4},"end":{"line":17,"column":5}},"loc":{"start":{"line":17,"column":34},"end":{"line":27,"column":5}},"line":17},"2":{"name":"(anonymous_2)","decl":{"start":{"line":29,"column":4},"end":{"line":29,"column":5}},"loc":{"start":{"line":29,"column":54},"end":{"line":43,"column":5}},"line":29},"3":{"name":"(anonymous_3)","decl":{"start":{"line":45,"column":4},"end":{"line":45,"column":5}},"loc":{"start":{"line":45,"column":37},"end":{"line":56,"column":5}},"line":45},"4":{"name":"(anonymous_4)","decl":{"start":{"line":58,"column":4},"end":{"line":58,"column":5}},"loc":{"start":{"line":58,"column":56},"end":{"line":71,"column":5}},"line":58},"5":{"name":"(anonymous_5)","decl":{"start":{"line":65,"column":52},"end":{"line":65,"column":53}},"loc":{"start":{"line":65,"column":67},"end":{"line":65,"column":82}},"line":65},"6":{"name":"(anonymous_6)","decl":{"start":{"line":73,"column":4},"end":{"line":73,"column":5}},"loc":{"start":{"line":73,"column":61},"end":{"line":82,"column":5}},"line":73},"7":{"name":"(anonymous_7)","decl":{"start":{"line":84,"column":4},"end":{"line":84,"column":5}},"loc":{"start":{"line":84,"column":28},"end":{"line":91,"column":5}},"line":84},"8":{"name":"(anonymous_8)","decl":{"start":{"line":93,"column":4},"end":{"line":93,"column":5}},"loc":{"start":{"line":93,"column":37},"end":{"line":100,"column":5}},"line":93},"9":{"name":"(anonymous_9)","decl":{"start":{"line":102,"column":4},"end":{"line":102,"column":5}},"loc":{"start":{"line":102,"column":32},"end":{"line":136,"column":5}},"line":102}},"branchMap":{"0":{"loc":{"start":{"line":20,"column":12},"end":{"line":22,"column":13}},"type":"if","locations":[{"start":{"line":20,"column":12},"end":{"line":22,"column":13}},{"start":{},"end":{}}],"line":20},"1":{"loc":{"start":{"line":36,"column":12},"end":{"line":38,"column":13}},"type":"if","locations":[{"start":{"line":36,"column":12},"end":{"line":38,"column":13}},{"start":{},"end":{}}],"line":36},"2":{"loc":{"start":{"line":48,"column":12},"end":{"line":50,"column":13}},"type":"if","locations":[{"start":{"line":48,"column":12},"end":{"line":50,"column":13}},{"start":{},"end":{}}],"line":48},"3":{"loc":{"start":{"line":62,"column":12},"end":{"line":64,"column":13}},"type":"if","locations":[{"start":{"line":62,"column":12},"end":{"line":64,"column":13}},{"start":{},"end":{}}],"line":62}},"s":{"0":2,"1":2,"2":2,"3":2,"4":2,"5":2,"6":1,"7":1,"8":1,"9":3,"10":3,"11":2,"12":1,"13":1,"14":2,"15":3,"16":3,"17":2,"18":1,"19":1,"20":2,"21":3,"22":3,"23":2,"24":1,"25":1,"26":1,"27":2,"28":3,"29":3,"30":3,"31":2,"32":1,"33":1,"34":1,"35":1,"36":1,"37":2,"38":2,"39":2,"40":1,"41":1,"42":2,"43":2,"44":1,"45":1,"46":2,"47":2,"48":1,"49":1,"50":2,"51":2,"52":1,"53":1,"54":2},"f":{"0":2,"1":3,"2":3,"3":3,"4":3,"5":1,"6":2,"7":2,"8":2,"9":2},"b":{"0":[1,1],"1":[1,1],"2":[1,1],"3":[1,1]},"_coverageSchema":"1a1c01bbd47fc00a2c39e90264f33305004495a9","hash":"f5650bf4e7c0da46c59604a7b8af187ca1bf0c5d"}
,"C:\\Data\\Code\\NodeJS\\pwc\\advanced\\modules\\user\\controller\\user.controller.js": {"path":"C:\\Data\\Code\\NodeJS\\pwc\\advanced\\modules\\user\\controller\\user.controller.js","statementMap":{"0":{"start":{"line":1,"column":24},"end":{"line":1,"column":67}},"1":{"start":{"line":2,"column":20},"end":{"line":2,"column":41}},"2":{"start":{"line":6,"column":8},"end":{"line":15,"column":9}},"3":{"start":{"line":7,"column":50},"end":{"line":7,"column":58}},"4":{"start":{"line":8,"column":12},"end":{"line":10,"column":13}},"5":{"start":{"line":9,"column":16},"end":{"line":9,"column":102}},"6":{"start":{"line":11,"column":28},"end":{"line":11,"column":66}},"7":{"start":{"line":12,"column":12},"end":{"line":12,"column":42}},"8":{"start":{"line":14,"column":12},"end":{"line":14,"column":70}},"9":{"start":{"line":19,"column":8},"end":{"line":24,"column":9}},"10":{"start":{"line":20,"column":25},"end":{"line":20,"column":64}},"11":{"start":{"line":21,"column":12},"end":{"line":21,"column":27}},"12":{"start":{"line":23,"column":12},"end":{"line":23,"column":63}},"13":{"start":{"line":28,"column":8},"end":{"line":42,"column":9}},"14":{"start":{"line":29,"column":30},"end":{"line":29,"column":38}},"15":{"start":{"line":30,"column":12},"end":{"line":38,"column":13}},"16":{"start":{"line":31,"column":46},"end":{"line":31,"column":85}},"17":{"start":{"line":32,"column":16},"end":{"line":37,"column":17}},"18":{"start":{"line":33,"column":40},"end":{"line":33,"column":92}},"19":{"start":{"line":34,"column":20},"end":{"line":34,"column":42}},"20":{"start":{"line":36,"column":20},"end":{"line":36,"column":87}},"21":{"start":{"line":40,"column":12},"end":{"line":40,"column":31}},"22":{"start":{"line":41,"column":12},"end":{"line":41,"column":78}},"23":{"start":{"line":46,"column":8},"end":{"line":51,"column":9}},"24":{"start":{"line":47,"column":32},"end":{"line":47,"column":74}},"25":{"start":{"line":48,"column":12},"end":{"line":48,"column":34}},"26":{"start":{"line":50,"column":12},"end":{"line":50,"column":63}},"27":{"start":{"line":55,"column":8},"end":{"line":60,"column":9}},"28":{"start":{"line":56,"column":34},"end":{"line":56,"column":82}},"29":{"start":{"line":57,"column":12},"end":{"line":57,"column":36}},"30":{"start":{"line":59,"column":12},"end":{"line":59,"column":85}},"31":{"start":{"line":64,"column":8},"end":{"line":69,"column":9}},"32":{"start":{"line":65,"column":30},"end":{"line":65,"column":74}},"33":{"start":{"line":66,"column":12},"end":{"line":66,"column":32}},"34":{"start":{"line":68,"column":12},"end":{"line":68,"column":81}},"35":{"start":{"line":73,"column":8},"end":{"line":78,"column":9}},"36":{"start":{"line":74,"column":30},"end":{"line":74,"column":74}},"37":{"start":{"line":75,"column":12},"end":{"line":75,"column":32}},"38":{"start":{"line":77,"column":12},"end":{"line":77,"column":81}},"39":{"start":{"line":82,"column":8},"end":{"line":87,"column":9}},"40":{"start":{"line":83,"column":29},"end":{"line":83,"column":76}},"41":{"start":{"line":84,"column":12},"end":{"line":84,"column":31}},"42":{"start":{"line":86,"column":12},"end":{"line":86,"column":79}},"43":{"start":{"line":91,"column":8},"end":{"line":96,"column":9}},"44":{"start":{"line":92,"column":28},"end":{"line":92,"column":74}},"45":{"start":{"line":93,"column":12},"end":{"line":93,"column":30}},"46":{"start":{"line":95,"column":12},"end":{"line":95,"column":78}},"47":{"start":{"line":100,"column":0},"end":{"line":100,"column":32}}},"fnMap":{"0":{"name":"(anonymous_0)","decl":{"start":{"line":5,"column":4},"end":{"line":5,"column":5}},"loc":{"start":{"line":5,"column":31},"end":{"line":16,"column":5}},"line":5},"1":{"name":"(anonymous_1)","decl":{"start":{"line":18,"column":4},"end":{"line":18,"column":5}},"loc":{"start":{"line":18,"column":28},"end":{"line":25,"column":5}},"line":18},"2":{"name":"(anonymous_2)","decl":{"start":{"line":27,"column":4},"end":{"line":27,"column":5}},"loc":{"start":{"line":27,"column":31},"end":{"line":43,"column":5}},"line":27},"3":{"name":"(anonymous_3)","decl":{"start":{"line":45,"column":4},"end":{"line":45,"column":5}},"loc":{"start":{"line":45,"column":31},"end":{"line":52,"column":5}},"line":45},"4":{"name":"(anonymous_4)","decl":{"start":{"line":54,"column":4},"end":{"line":54,"column":5}},"loc":{"start":{"line":54,"column":37},"end":{"line":61,"column":5}},"line":54},"5":{"name":"(anonymous_5)","decl":{"start":{"line":63,"column":4},"end":{"line":63,"column":5}},"loc":{"start":{"line":63,"column":33},"end":{"line":70,"column":5}},"line":63},"6":{"name":"(anonymous_6)","decl":{"start":{"line":72,"column":4},"end":{"line":72,"column":5}},"loc":{"start":{"line":72,"column":33},"end":{"line":79,"column":5}},"line":72},"7":{"name":"(anonymous_7)","decl":{"start":{"line":81,"column":4},"end":{"line":81,"column":5}},"loc":{"start":{"line":81,"column":36},"end":{"line":88,"column":5}},"line":81},"8":{"name":"(anonymous_8)","decl":{"start":{"line":90,"column":4},"end":{"line":90,"column":5}},"loc":{"start":{"line":90,"column":35},"end":{"line":97,"column":5}},"line":90}},"branchMap":{"0":{"loc":{"start":{"line":8,"column":12},"end":{"line":10,"column":13}},"type":"if","locations":[{"start":{"line":8,"column":12},"end":{"line":10,"column":13}},{"start":{},"end":{}}],"line":8},"1":{"loc":{"start":{"line":8,"column":16},"end":{"line":8,"column":48}},"type":"binary-expr","locations":[{"start":{"line":8,"column":16},"end":{"line":8,"column":25}},{"start":{"line":8,"column":29},"end":{"line":8,"column":35}},{"start":{"line":8,"column":39},"end":{"line":8,"column":48}}],"line":8},"2":{"loc":{"start":{"line":30,"column":12},"end":{"line":38,"column":13}},"type":"if","locations":[{"start":{"line":30,"column":12},"end":{"line":38,"column":13}},{"start":{},"end":{}}],"line":30},"3":{"loc":{"start":{"line":32,"column":16},"end":{"line":37,"column":17}},"type":"if","locations":[{"start":{"line":32,"column":16},"end":{"line":37,"column":17}},{"start":{"line":35,"column":23},"end":{"line":37,"column":17}}],"line":32}},"s":{"0":1,"1":1,"2":3,"3":3,"4":3,"5":1,"6":2,"7":1,"8":1,"9":2,"10":2,"11":1,"12":1,"13":2,"14":2,"15":2,"16":2,"17":2,"18":1,"19":1,"20":1,"21":0,"22":0,"23":2,"24":2,"25":1,"26":1,"27":2,"28":2,"29":1,"30":1,"31":2,"32":2,"33":1,"34":1,"35":2,"36":2,"37":1,"38":1,"39":2,"40":2,"41":1,"42":1,"43":2,"44":2,"45":1,"46":1,"47":1},"f":{"0":3,"1":2,"2":2,"3":2,"4":2,"5":2,"6":2,"7":2,"8":2},"b":{"0":[1,2],"1":[3,3,3],"2":[2,0],"3":[1,1]},"_coverageSchema":"1a1c01bbd47fc00a2c39e90264f33305004495a9","hash":"917fcbf09c746f59ec6df8e38007f1a12b285bd4"}
,"C:\\Data\\Code\\NodeJS\\pwc\\advanced\\modules\\user\\dao\\models\\user.model.js": {"path":"C:\\Data\\Code\\NodeJS\\pwc\\advanced\\modules\\user\\dao\\models\\user.model.js","statementMap":{"0":{"start":{"line":1,"column":15},"end":{"line":1,"column":34}},"1":{"start":{"line":3,"column":16},"end":{"line":3,"column":49}},"2":{"start":{"line":4,"column":0},"end":{"line":4,"column":51}}},"fnMap":{},"branchMap":{},"s":{"0":14,"1":14,"2":14},"f":{},"b":{},"_coverageSchema":"1a1c01bbd47fc00a2c39e90264f33305004495a9","hash":"86fe8fe2ae0c0df967e7458e3d986828a8bd7dca"}
,"C:\\Data\\Code\\NodeJS\\pwc\\advanced\\modules\\user\\dao\\schemas\\user.schema.js": {"path":"C:\\Data\\Code\\NodeJS\\pwc\\advanced\\modules\\user\\dao\\schemas\\user.schema.js","statementMap":{"0":{"start":{"line":1,"column":15},"end":{"line":1,"column":32}},"1":{"start":{"line":2,"column":17},"end":{"line":2,"column":36}},"2":{"start":{"line":4,"column":19},"end":{"line":12,"column":2}},"3":{"start":{"line":14,"column":0},"end":{"line":26,"column":3}},"4":{"start":{"line":15,"column":4},"end":{"line":25,"column":5}},"5":{"start":{"line":16,"column":8},"end":{"line":22,"column":9}},"6":{"start":{"line":17,"column":35},"end":{"line":17,"column":71}},"7":{"start":{"line":18,"column":12},"end":{"line":18,"column":43}},"8":{"start":{"line":19,"column":12},"end":{"line":19,"column":19}},"9":{"start":{"line":21,"column":12},"end":{"line":21,"column":24}},"10":{"start":{"line":24,"column":8},"end":{"line":24,"column":15}},"11":{"start":{"line":28,"column":0},"end":{"line":34,"column":2}},"12":{"start":{"line":29,"column":4},"end":{"line":33,"column":5}},"13":{"start":{"line":30,"column":8},"end":{"line":30,"column":61}},"14":{"start":{"line":32,"column":8},"end":{"line":32,"column":20}},"15":{"start":{"line":36,"column":0},"end":{"line":36,"column":28}}},"fnMap":{"0":{"name":"(anonymous_0)","decl":{"start":{"line":14,"column":23},"end":{"line":14,"column":24}},"loc":{"start":{"line":14,"column":45},"end":{"line":26,"column":1}},"line":14},"1":{"name":"(anonymous_1)","decl":{"start":{"line":28,"column":37},"end":{"line":28,"column":38}},"loc":{"start":{"line":28,"column":63},"end":{"line":34,"column":1}},"line":28}},"branchMap":{"0":{"loc":{"start":{"line":15,"column":4},"end":{"line":25,"column":5}},"type":"if","locations":[{"start":{"line":15,"column":4},"end":{"line":25,"column":5}},{"start":{"line":23,"column":11},"end":{"line":25,"column":5}}],"line":15}},"s":{"0":14,"1":14,"2":14,"3":14,"4":0,"5":0,"6":0,"7":0,"8":0,"9":0,"10":0,"11":14,"12":0,"13":0,"14":0,"15":14},"f":{"0":0,"1":0},"b":{"0":[0,0]},"_coverageSchema":"1a1c01bbd47fc00a2c39e90264f33305004495a9","hash":"df0520d0fc31aa0bfbcb05288294231487397f7d"}
,"C:\\Data\\Code\\NodeJS\\pwc\\advanced\\modules\\user\\routes\\user.routes.js": {"path":"C:\\Data\\Code\\NodeJS\\pwc\\advanced\\modules\\user\\routes\\user.routes.js","statementMap":{"0":{"start":{"line":1,"column":16},"end":{"line":1,"column":34}},"1":{"start":{"line":2,"column":15},"end":{"line":2,"column":31}},"2":{"start":{"line":4,"column":23},"end":{"line":4,"column":63}},"3":{"start":{"line":5,"column":23},"end":{"line":5,"column":43}},"4":{"start":{"line":7,"column":18},"end":{"line":7,"column":61}},"5":{"start":{"line":9,"column":0},"end":{"line":9,"column":44}},"6":{"start":{"line":10,"column":0},"end":{"line":10,"column":74}},"7":{"start":{"line":11,"column":0},"end":{"line":11,"column":66}},"8":{"start":{"line":12,"column":0},"end":{"line":12,"column":65}},"9":{"start":{"line":13,"column":0},"end":{"line":13,"column":67}},"10":{"start":{"line":14,"column":0},"end":{"line":14,"column":65}},"11":{"start":{"line":15,"column":0},"end":{"line":15,"column":51}},"12":{"start":{"line":16,"column":0},"end":{"line":16,"column":54}},"13":{"start":{"line":17,"column":0},"end":{"line":17,"column":57}},"14":{"start":{"line":19,"column":0},"end":{"line":19,"column":24}}},"fnMap":{},"branchMap":{},"s":{"0":1,"1":1,"2":1,"3":1,"4":1,"5":1,"6":1,"7":1,"8":1,"9":1,"10":1,"11":1,"12":1,"13":1,"14":1},"f":{},"b":{},"_coverageSchema":"1a1c01bbd47fc00a2c39e90264f33305004495a9","hash":"7d39fecc369f3f0f2d116c33eb713d0046e98f4b"}
,"C:\\Data\\Code\\NodeJS\\pwc\\advanced\\modules\\user\\service\\user.service.js": {"path":"C:\\Data\\Code\\NodeJS\\pwc\\advanced\\modules\\user\\service\\user.service.js","statementMap":{"0":{"start":{"line":14,"column":0},"end":{"line":14,"column":29}}},"fnMap":{"0":{"name":"(anonymous_0)","decl":{"start":{"line":2,"column":4},"end":{"line":2,"column":5}},"loc":{"start":{"line":2,"column":31},"end":{"line":2,"column":34}},"line":2},"1":{"name":"(anonymous_1)","decl":{"start":{"line":3,"column":4},"end":{"line":3,"column":5}},"loc":{"start":{"line":3,"column":32},"end":{"line":3,"column":35}},"line":3},"2":{"name":"(anonymous_2)","decl":{"start":{"line":4,"column":4},"end":{"line":4,"column":5}},"loc":{"start":{"line":4,"column":26},"end":{"line":4,"column":29}},"line":4},"3":{"name":"(anonymous_3)","decl":{"start":{"line":5,"column":4},"end":{"line":5,"column":5}},"loc":{"start":{"line":5,"column":42},"end":{"line":5,"column":45}},"line":5},"4":{"name":"(anonymous_4)","decl":{"start":{"line":6,"column":4},"end":{"line":6,"column":5}},"loc":{"start":{"line":6,"column":29},"end":{"line":6,"column":32}},"line":6},"5":{"name":"(anonymous_5)","decl":{"start":{"line":7,"column":4},"end":{"line":7,"column":5}},"loc":{"start":{"line":7,"column":35},"end":{"line":7,"column":38}},"line":7},"6":{"name":"(anonymous_6)","decl":{"start":{"line":8,"column":4},"end":{"line":8,"column":5}},"loc":{"start":{"line":8,"column":31},"end":{"line":8,"column":34}},"line":8},"7":{"name":"(anonymous_7)","decl":{"start":{"line":9,"column":4},"end":{"line":9,"column":5}},"loc":{"start":{"line":9,"column":31},"end":{"line":9,"column":34}},"line":9},"8":{"name":"(anonymous_8)","decl":{"start":{"line":10,"column":4},"end":{"line":10,"column":5}},"loc":{"start":{"line":10,"column":34},"end":{"line":10,"column":37}},"line":10},"9":{"name":"(anonymous_9)","decl":{"start":{"line":11,"column":4},"end":{"line":11,"column":5}},"loc":{"start":{"line":11,"column":33},"end":{"line":11,"column":36}},"line":11}},"branchMap":{},"s":{"0":2},"f":{"0":0,"1":0,"2":0,"3":0,"4":0,"5":0,"6":0,"7":0,"8":0,"9":0},"b":{},"_coverageSchema":"1a1c01bbd47fc00a2c39e90264f33305004495a9","hash":"4c0a619856c692db203593228e9833bf4e21a1f5"}
,"C:\\Data\\Code\\NodeJS\\pwc\\advanced\\modules\\user\\service\\impl\\user.serviceImpl.js": {"path":"C:\\Data\\Code\\NodeJS\\pwc\\advanced\\modules\\user\\service\\impl\\user.serviceImpl.js","statementMap":{"0":{"start":{"line":1,"column":18},"end":{"line":1,"column":56}},"1":{"start":{"line":2,"column":20},"end":{"line":2,"column":46}},"2":{"start":{"line":6,"column":8},"end":{"line":15,"column":9}},"3":{"start":{"line":7,"column":33},"end":{"line":7,"column":83}},"4":{"start":{"line":8,"column":12},"end":{"line":10,"column":13}},"5":{"start":{"line":9,"column":16},"end":{"line":9,"column":60}},"6":{"start":{"line":11,"column":25},"end":{"line":11,"column":57}},"7":{"start":{"line":12,"column":12},"end":{"line":12,"column":24}},"8":{"start":{"line":14,"column":12},"end":{"line":14,"column":54}},"9":{"start":{"line":19,"column":8},"end":{"line":24,"column":9}},"10":{"start":{"line":20,"column":25},"end":{"line":20,"column":59}},"11":{"start":{"line":21,"column":12},"end":{"line":21,"column":24}},"12":{"start":{"line":23,"column":12},"end":{"line":23,"column":60}},"13":{"start":{"line":28,"column":8},"end":{"line":36,"column":9}},"14":{"start":{"line":29,"column":25},"end":{"line":29,"column":57}},"15":{"start":{"line":30,"column":12},"end":{"line":32,"column":13}},"16":{"start":{"line":31,"column":16},"end":{"line":31,"column":51}},"17":{"start":{"line":33,"column":12},"end":{"line":33,"column":24}},"18":{"start":{"line":35,"column":12},"end":{"line":35,"column":59}},"19":{"start":{"line":40,"column":8},"end":{"line":52,"column":9}},"20":{"start":{"line":41,"column":25},"end":{"line":45,"column":13}},"21":{"start":{"line":46,"column":12},"end":{"line":48,"column":13}},"22":{"start":{"line":47,"column":16},"end":{"line":47,"column":51}},"23":{"start":{"line":49,"column":12},"end":{"line":49,"column":24}},"24":{"start":{"line":51,"column":12},"end":{"line":51,"column":62}},"25":{"start":{"line":56,"column":8},"end":{"line":64,"column":9}},"26":{"start":{"line":57,"column":25},"end":{"line":57,"column":66}},"27":{"start":{"line":58,"column":12},"end":{"line":60,"column":13}},"28":{"start":{"line":59,"column":16},"end":{"line":59,"column":51}},"29":{"start":{"line":61,"column":12},"end":{"line":61,"column":24}},"30":{"start":{"line":63,"column":12},"end":{"line":63,"column":62}},"31":{"start":{"line":68,"column":8},"end":{"line":77,"column":9}},"32":{"start":{"line":69,"column":25},"end":{"line":69,"column":75}},"33":{"start":{"line":70,"column":12},"end":{"line":72,"column":13}},"34":{"start":{"line":71,"column":16},"end":{"line":71,"column":51}},"35":{"start":{"line":73,"column":34},"end":{"line":73,"column":88}},"36":{"start":{"line":73,"column":60},"end":{"line":73,"column":87}},"37":{"start":{"line":74,"column":12},"end":{"line":74,"column":33}},"38":{"start":{"line":76,"column":12},"end":{"line":76,"column":69}},"39":{"start":{"line":81,"column":8},"end":{"line":90,"column":9}},"40":{"start":{"line":82,"column":25},"end":{"line":82,"column":75}},"41":{"start":{"line":83,"column":12},"end":{"line":85,"column":13}},"42":{"start":{"line":84,"column":16},"end":{"line":84,"column":51}},"43":{"start":{"line":86,"column":30},"end":{"line":86,"column":82}},"44":{"start":{"line":86,"column":56},"end":{"line":86,"column":81}},"45":{"start":{"line":87,"column":12},"end":{"line":87,"column":29}},"46":{"start":{"line":89,"column":12},"end":{"line":89,"column":65}},"47":{"start":{"line":94,"column":8},"end":{"line":102,"column":9}},"48":{"start":{"line":95,"column":25},"end":{"line":95,"column":75}},"49":{"start":{"line":96,"column":12},"end":{"line":98,"column":13}},"50":{"start":{"line":97,"column":16},"end":{"line":97,"column":51}},"51":{"start":{"line":99,"column":12},"end":{"line":99,"column":30}},"52":{"start":{"line":101,"column":12},"end":{"line":101,"column":65}},"53":{"start":{"line":106,"column":8},"end":{"line":114,"column":9}},"54":{"start":{"line":107,"column":25},"end":{"line":107,"column":78}},"55":{"start":{"line":108,"column":12},"end":{"line":110,"column":13}},"56":{"start":{"line":109,"column":16},"end":{"line":109,"column":51}},"57":{"start":{"line":111,"column":12},"end":{"line":111,"column":33}},"58":{"start":{"line":113,"column":12},"end":{"line":113,"column":63}},"59":{"start":{"line":118,"column":8},"end":{"line":126,"column":9}},"60":{"start":{"line":119,"column":25},"end":{"line":119,"column":77}},"61":{"start":{"line":120,"column":12},"end":{"line":122,"column":13}},"62":{"start":{"line":121,"column":16},"end":{"line":121,"column":51}},"63":{"start":{"line":123,"column":12},"end":{"line":123,"column":32}},"64":{"start":{"line":125,"column":12},"end":{"line":125,"column":62}},"65":{"start":{"line":130,"column":0},"end":{"line":130,"column":33}}},"fnMap":{"0":{"name":"(anonymous_0)","decl":{"start":{"line":5,"column":4},"end":{"line":5,"column":5}},"loc":{"start":{"line":5,"column":31},"end":{"line":16,"column":5}},"line":5},"1":{"name":"(anonymous_1)","decl":{"start":{"line":18,"column":4},"end":{"line":18,"column":5}},"loc":{"start":{"line":18,"column":32},"end":{"line":25,"column":5}},"line":18},"2":{"name":"(anonymous_2)","decl":{"start":{"line":27,"column":4},"end":{"line":27,"column":5}},"loc":{"start":{"line":27,"column":26},"end":{"line":37,"column":5}},"line":27},"3":{"name":"(anonymous_3)","decl":{"start":{"line":39,"column":4},"end":{"line":39,"column":5}},"loc":{"start":{"line":39,"column":42},"end":{"line":53,"column":5}},"line":39},"4":{"name":"(anonymous_4)","decl":{"start":{"line":55,"column":4},"end":{"line":55,"column":5}},"loc":{"start":{"line":55,"column":29},"end":{"line":65,"column":5}},"line":55},"5":{"name":"(anonymous_5)","decl":{"start":{"line":67,"column":4},"end":{"line":67,"column":5}},"loc":{"start":{"line":67,"column":35},"end":{"line":78,"column":5}},"line":67},"6":{"name":"(anonymous_6)","decl":{"start":{"line":73,"column":52},"end":{"line":73,"column":53}},"loc":{"start":{"line":73,"column":60},"end":{"line":73,"column":87}},"line":73},"7":{"name":"(anonymous_7)","decl":{"start":{"line":80,"column":4},"end":{"line":80,"column":5}},"loc":{"start":{"line":80,"column":31},"end":{"line":91,"column":5}},"line":80},"8":{"name":"(anonymous_8)","decl":{"start":{"line":86,"column":48},"end":{"line":86,"column":49}},"loc":{"start":{"line":86,"column":56},"end":{"line":86,"column":81}},"line":86},"9":{"name":"(anonymous_9)","decl":{"start":{"line":93,"column":4},"end":{"line":93,"column":5}},"loc":{"start":{"line":93,"column":31},"end":{"line":103,"column":5}},"line":93},"10":{"name":"(anonymous_10)","decl":{"start":{"line":105,"column":4},"end":{"line":105,"column":5}},"loc":{"start":{"line":105,"column":34},"end":{"line":115,"column":5}},"line":105},"11":{"name":"(anonymous_11)","decl":{"start":{"line":117,"column":4},"end":{"line":117,"column":5}},"loc":{"start":{"line":117,"column":33},"end":{"line":127,"column":5}},"line":117}},"branchMap":{"0":{"loc":{"start":{"line":8,"column":12},"end":{"line":10,"column":13}},"type":"if","locations":[{"start":{"line":8,"column":12},"end":{"line":10,"column":13}},{"start":{},"end":{}}],"line":8},"1":{"loc":{"start":{"line":30,"column":12},"end":{"line":32,"column":13}},"type":"if","locations":[{"start":{"line":30,"column":12},"end":{"line":32,"column":13}},{"start":{},"end":{}}],"line":30},"2":{"loc":{"start":{"line":46,"column":12},"end":{"line":48,"column":13}},"type":"if","locations":[{"start":{"line":46,"column":12},"end":{"line":48,"column":13}},{"start":{},"end":{}}],"line":46},"3":{"loc":{"start":{"line":58,"column":12},"end":{"line":60,"column":13}},"type":"if","locations":[{"start":{"line":58,"column":12},"end":{"line":60,"column":13}},{"start":{},"end":{}}],"line":58},"4":{"loc":{"start":{"line":70,"column":12},"end":{"line":72,"column":13}},"type":"if","locations":[{"start":{"line":70,"column":12},"end":{"line":72,"column":13}},{"start":{},"end":{}}],"line":70},"5":{"loc":{"start":{"line":83,"column":12},"end":{"line":85,"column":13}},"type":"if","locations":[{"start":{"line":83,"column":12},"end":{"line":85,"column":13}},{"start":{},"end":{}}],"line":83},"6":{"loc":{"start":{"line":96,"column":12},"end":{"line":98,"column":13}},"type":"if","locations":[{"start":{"line":96,"column":12},"end":{"line":98,"column":13}},{"start":{},"end":{}}],"line":96},"7":{"loc":{"start":{"line":108,"column":12},"end":{"line":110,"column":13}},"type":"if","locations":[{"start":{"line":108,"column":12},"end":{"line":110,"column":13}},{"start":{},"end":{}}],"line":108},"8":{"loc":{"start":{"line":120,"column":12},"end":{"line":122,"column":13}},"type":"if","locations":[{"start":{"line":120,"column":12},"end":{"line":122,"column":13}},{"start":{},"end":{}}],"line":120}},"s":{"0":2,"1":2,"2":2,"3":2,"4":2,"5":1,"6":1,"7":1,"8":1,"9":2,"10":2,"11":1,"12":1,"13":2,"14":2,"15":1,"16":0,"17":1,"18":1,"19":2,"20":2,"21":1,"22":0,"23":1,"24":1,"25":2,"26":2,"27":1,"28":0,"29":1,"30":1,"31":1,"32":1,"33":0,"34":0,"35":0,"36":0,"37":0,"38":1,"39":3,"40":3,"41":2,"42":1,"43":1,"44":2,"45":1,"46":2,"47":2,"48":2,"49":1,"50":0,"51":1,"52":1,"53":2,"54":2,"55":1,"56":0,"57":1,"58":1,"59":2,"60":2,"61":1,"62":0,"63":1,"64":1,"65":2},"f":{"0":2,"1":2,"2":2,"3":2,"4":2,"5":1,"6":0,"7":3,"8":2,"9":2,"10":2,"11":2},"b":{"0":[1,1],"1":[0,1],"2":[0,1],"3":[0,1],"4":[0,0],"5":[1,1],"6":[0,1],"7":[0,1],"8":[0,1]},"_coverageSchema":"1a1c01bbd47fc00a2c39e90264f33305004495a9","hash":"7b17a50d6fc64b0d41f0edc4c167f8050ee8b0e0"}
}
