TN:
SF:modules\auth\controller\auth.controller.js
FN:7,(anonymous_0)
FN:25,(anonymous_1)
FNF:2
FNH:2
FNDA:4,(anonymous_0)
FNDA:2,(anonymous_1)
DA:1,1
DA:2,1
DA:3,1
DA:4,1
DA:8,4
DA:9,4
DA:10,4
DA:11,3
DA:12,1
DA:14,2
DA:15,2
DA:16,1
DA:18,1
DA:19,1
DA:21,1
DA:26,2
DA:27,2
DA:28,2
DA:29,2
DA:30,1
DA:32,1
DA:37,1
LF:22
LH:22
BRDA:11,0,0,1
BRDA:11,0,1,2
BRDA:15,1,0,1
BRDA:15,1,1,1
BRF:4
BRH:4
end_of_record
TN:
SF:modules\auth\middleware\auth.guard.js
FN:5,authGuard
FNF:1
FNH:1
FNDA:4,authGuard
DA:1,5
DA:2,5
DA:3,5
DA:6,4
DA:7,4
DA:8,1
DA:10,3
DA:11,3
DA:12,2
DA:13,2
DA:14,1
DA:16,1
DA:17,1
DA:19,1
DA:23,5
LF:15
LH:15
BRDA:7,0,0,1
BRDA:7,0,1,3
BRDA:13,1,0,1
BRDA:13,1,1,1
BRF:4
BRH:4
end_of_record
TN:
SF:modules\auth\route\auth.routes.js
FNF:0
FNH:0
DA:1,1
DA:2,1
DA:4,1
DA:5,1
DA:7,1
DA:8,1
DA:10,1
LF:7
LH:7
BRF:0
BRH:0
end_of_record
TN:
SF:modules\booking\controller\booking.controller.js
FN:5,(anonymous_0)
FN:18,(anonymous_1)
FN:27,(anonymous_2)
FN:39,(anonymous_3)
FN:48,(anonymous_4)
FN:68,(anonymous_5)
FN:77,(anonymous_6)
FNF:7
FNH:7
FNDA:3,(anonymous_0)
FNDA:2,(anonymous_1)
FNDA:2,(anonymous_2)
FNDA:2,(anonymous_3)
FNDA:4,(anonymous_4)
FNDA:2,(anonymous_5)
FNDA:2,(anonymous_6)
DA:1,1
DA:2,1
DA:6,3
DA:7,3
DA:8,3
DA:9,1
DA:11,2
DA:12,1
DA:14,1
DA:19,2
DA:20,2
DA:21,1
DA:23,1
DA:28,2
DA:29,2
DA:33,1
DA:35,1
DA:40,2
DA:41,2
DA:42,1
DA:44,1
DA:49,4
DA:50,2
DA:51,2
DA:52,2
DA:53,1
DA:55,1
DA:58,2
DA:59,2
DA:60,2
DA:61,1
DA:63,1
DA:69,2
DA:70,2
DA:71,1
DA:73,1
DA:78,2
DA:79,2
DA:80,2
DA:81,1
DA:83,1
DA:88,1
LF:42
LH:42
BRDA:8,0,0,1
BRDA:8,0,1,2
BRDA:8,1,0,3
BRDA:8,1,1,3
BRDA:49,2,0,2
BRDA:49,2,1,2
BRF:6
BRH:6
end_of_record
TN:
SF:modules\booking\dao\models\booking.model.js
FNF:0
FNH:0
DA:1,2
DA:3,2
DA:4,2
LF:3
LH:3
BRF:0
BRH:0
end_of_record
TN:
SF:modules\booking\dao\schemas\booking.schema.js
FNF:0
FNH:0
DA:1,2
DA:3,2
DA:21,2
LF:3
LH:3
BRF:0
BRH:0
end_of_record
TN:
SF:modules\booking\routes\booking.routes.js
FNF:0
FNH:0
DA:1,1
DA:2,1
DA:4,1
DA:5,1
DA:7,1
DA:9,1
DA:11,1
DA:12,1
DA:13,1
DA:14,1
DA:15,1
DA:16,1
DA:17,1
DA:19,1
LF:14
LH:14
BRF:0
BRH:0
end_of_record
TN:
SF:modules\booking\service\booking.service.js
FN:2,(anonymous_0)
FN:3,(anonymous_1)
FN:4,(anonymous_2)
FN:5,(anonymous_3)
FN:6,(anonymous_4)
FN:7,(anonymous_5)
FN:8,(anonymous_6)
FN:9,(anonymous_7)
FNF:8
FNH:0
FNDA:0,(anonymous_0)
FNDA:0,(anonymous_1)
FNDA:0,(anonymous_2)
FNDA:0,(anonymous_3)
FNDA:0,(anonymous_4)
FNDA:0,(anonymous_5)
FNDA:0,(anonymous_6)
FNDA:0,(anonymous_7)
DA:12,2
LF:1
LH:1
BRF:0
BRH:0
end_of_record
TN:
SF:modules\booking\service\impl\booking.serviceImpl.js
FN:8,(anonymous_0)
FN:18,(anonymous_1)
FN:30,(anonymous_2)
FN:46,(anonymous_3)
FN:59,(anonymous_4)
FN:68,(anonymous_5)
FN:77,(anonymous_6)
FN:84,(anonymous_7)
FN:92,(anonymous_8)
FNF:9
FNH:9
FNDA:2,(anonymous_0)
FNDA:2,(anonymous_1)
FNDA:2,(anonymous_2)
FNDA:2,(anonymous_3)
FNDA:2,(anonymous_4)
FNDA:2,(anonymous_5)
FNDA:2,(anonymous_6)
FNDA:2,(anonymous_7)
FNDA:2,(anonymous_8)
DA:1,2
DA:2,2
DA:3,2
DA:4,2
DA:5,2
DA:9,2
DA:10,2
DA:11,1
DA:12,1
DA:14,1
DA:19,2
DA:20,2
DA:21,1
DA:22,0
DA:24,1
DA:26,1
DA:31,2
DA:32,2
DA:37,1
DA:38,0
DA:40,1
DA:42,1
DA:47,2
DA:48,2
DA:49,1
DA:50,0
DA:52,1
DA:53,1
DA:55,1
DA:60,2
DA:61,2
DA:62,1
DA:64,1
DA:69,2
DA:70,2
DA:71,1
DA:73,1
DA:78,2
DA:79,2
DA:80,2
DA:81,1
DA:82,0
DA:84,2
DA:85,1
DA:86,1
DA:88,1
DA:93,2
DA:94,2
DA:95,2
DA:99,1
DA:101,1
DA:106,2
LF:52
LH:48
BRDA:21,0,0,0
BRDA:21,0,1,1
BRDA:37,1,0,0
BRDA:37,1,1,1
BRDA:49,2,0,0
BRDA:49,2,1,1
BRDA:81,3,0,0
BRDA:81,3,1,1
BRF:8
BRH:4
end_of_record
TN:
SF:modules\destination\controller\destination.controller.js
FN:6,(anonymous_0)
FN:19,(anonymous_1)
FN:28,(anonymous_2)
FN:40,(anonymous_3)
FN:51,(anonymous_4)
FN:71,(anonymous_5)
FN:85,(anonymous_6)
FN:94,(anonymous_7)
FN:104,(anonymous_8)
FNF:9
FNH:8
FNDA:2,(anonymous_0)
FNDA:2,(anonymous_1)
FNDA:2,(anonymous_2)
FNDA:2,(anonymous_3)
FNDA:4,(anonymous_4)
FNDA:2,(anonymous_5)
FNDA:2,(anonymous_6)
FNDA:0,(anonymous_7)
FNDA:2,(anonymous_8)
DA:1,1
DA:3,1
DA:7,2
DA:8,2
DA:9,1
DA:11,1
DA:12,1
DA:14,0
DA:15,0
DA:20,2
DA:21,2
DA:22,1
DA:24,1
DA:29,2
DA:30,2
DA:34,1
DA:36,1
DA:41,2
DA:42,2
DA:45,1
DA:47,1
DA:52,4
DA:53,2
DA:54,2
DA:55,2
DA:56,1
DA:58,1
DA:61,2
DA:62,2
DA:63,2
DA:64,1
DA:66,1
DA:72,2
DA:73,2
DA:74,2
DA:75,2
DA:79,1
DA:81,1
DA:86,2
DA:87,2
DA:88,1
DA:90,1
DA:95,0
DA:96,0
DA:97,0
DA:98,0
DA:100,0
DA:105,2
DA:106,2
DA:107,1
DA:109,1
DA:114,1
LF:52
LH:45
BRDA:8,0,0,1
BRDA:8,0,1,1
BRDA:52,1,0,2
BRDA:52,1,1,2
BRF:4
BRH:4
end_of_record
TN:
SF:modules\destination\dao\models\destination.model.js
FNF:0
FNH:0
DA:1,6
DA:3,6
DA:4,6
LF:3
LH:3
BRF:0
BRH:0
end_of_record
TN:
SF:modules\destination\dao\schemas\destination.schema.js
FNF:0
FNH:0
DA:1,6
DA:3,6
DA:13,6
LF:3
LH:3
BRF:0
BRH:0
end_of_record
TN:
SF:modules\destination\service\destination.service.js
FN:2,(anonymous_0)
FN:3,(anonymous_1)
FN:4,(anonymous_2)
FN:5,(anonymous_3)
FN:6,(anonymous_4)
FN:7,(anonymous_5)
FN:8,(anonymous_6)
FN:9,(anonymous_7)
FN:10,(anonymous_8)
FN:11,(anonymous_9)
FNF:10
FNH:0
FNDA:0,(anonymous_0)
FNDA:0,(anonymous_1)
FNDA:0,(anonymous_2)
FNDA:0,(anonymous_3)
FNDA:0,(anonymous_4)
FNDA:0,(anonymous_5)
FNDA:0,(anonymous_6)
FNDA:0,(anonymous_7)
FNDA:0,(anonymous_8)
FNDA:0,(anonymous_9)
DA:14,2
LF:1
LH:1
BRF:0
BRH:0
end_of_record
TN:
SF:modules\destination\service\impl\destination.serviceImpl.js
FN:5,(anonymous_0)
FN:14,(anonymous_1)
FN:26,(anonymous_2)
FN:42,(anonymous_3)
FN:54,(anonymous_4)
FN:63,(anonymous_5)
FN:72,(anonymous_6)
FN:83,(anonymous_7)
FN:92,(anonymous_8)
FN:101,(anonymous_9)
FN:127,(anonymous_10)
FNF:11
FNH:11
FNDA:2,(anonymous_0)
FNDA:2,(anonymous_1)
FNDA:2,(anonymous_2)
FNDA:2,(anonymous_3)
FNDA:2,(anonymous_4)
FNDA:2,(anonymous_5)
FNDA:2,(anonymous_6)
FNDA:2,(anonymous_7)
FNDA:2,(anonymous_8)
FNDA:2,(anonymous_9)
FNDA:2,(anonymous_10)
DA:1,2
DA:2,2
DA:6,2
DA:7,2
DA:8,1
DA:10,1
DA:15,2
DA:16,2
DA:17,1
DA:18,0
DA:20,1
DA:22,1
DA:27,2
DA:28,2
DA:33,1
DA:34,0
DA:36,1
DA:38,1
DA:43,2
DA:44,2
DA:45,1
DA:46,0
DA:48,1
DA:50,1
DA:55,2
DA:56,2
DA:57,1
DA:59,1
DA:64,2
DA:65,2
DA:66,1
DA:68,1
DA:73,2
DA:74,2
DA:77,1
DA:79,1
DA:84,2
DA:85,2
DA:86,1
DA:88,1
DA:93,2
DA:94,2
DA:95,1
DA:97,1
DA:102,2
DA:103,2
DA:127,2
DA:128,1
DA:131,1
DA:133,1
DA:138,2
LF:51
LH:48
BRDA:17,0,0,0
BRDA:17,0,1,1
BRDA:33,1,0,0
BRDA:33,1,1,1
BRDA:45,2,0,0
BRDA:45,2,1,1
BRF:6
BRH:3
end_of_record
TN:
SF:modules\review\controller\review.controller.js
FN:5,(anonymous_0)
FN:18,(anonymous_1)
FN:27,(anonymous_2)
FN:39,(anonymous_3)
FN:48,(anonymous_4)
FN:58,(anonymous_5)
FN:68,(anonymous_6)
FN:82,(anonymous_7)
FNF:8
FNH:7
FNDA:3,(anonymous_0)
FNDA:2,(anonymous_1)
FNDA:2,(anonymous_2)
FNDA:2,(anonymous_3)
FNDA:2,(anonymous_4)
FNDA:0,(anonymous_5)
FNDA:3,(anonymous_6)
FNDA:2,(anonymous_7)
DA:1,1
DA:2,1
DA:6,3
DA:7,3
DA:8,3
DA:9,1
DA:11,2
DA:12,1
DA:14,1
DA:19,2
DA:20,2
DA:21,1
DA:23,1
DA:28,2
DA:29,2
DA:33,1
DA:35,1
DA:40,2
DA:41,2
DA:42,1
DA:44,1
DA:49,2
DA:50,2
DA:51,2
DA:52,1
DA:54,1
DA:59,0
DA:60,0
DA:61,0
DA:62,0
DA:64,0
DA:69,3
DA:70,3
DA:71,3
DA:72,3
DA:73,1
DA:75,2
DA:76,1
DA:78,1
DA:83,2
DA:84,2
DA:85,1
DA:87,1
DA:92,1
LF:44
LH:39
BRDA:8,0,0,1
BRDA:8,0,1,2
BRDA:8,1,0,3
BRDA:8,1,1,3
BRDA:8,1,2,3
BRDA:72,2,0,1
BRDA:72,2,1,2
BRDA:72,3,0,3
BRDA:72,3,1,2
BRF:9
BRH:9
end_of_record
TN:
SF:modules\review\dao\models\review.model.js
FNF:0
FNH:0
DA:1,2
DA:3,2
DA:4,2
LF:3
LH:3
BRF:0
BRH:0
end_of_record
TN:
SF:modules\review\dao\schemas\review.schema.js
FNF:0
FNH:0
DA:1,2
DA:3,2
DA:11,2
LF:3
LH:3
BRF:0
BRH:0
end_of_record
TN:
SF:modules\review\routes\review.routes.js
FNF:0
FNH:0
DA:1,1
DA:2,1
DA:3,1
DA:5,1
DA:7,1
DA:9,1
DA:10,1
DA:11,1
DA:12,1
DA:13,1
DA:14,1
DA:15,1
DA:17,1
LF:13
LH:13
BRF:0
BRH:0
end_of_record
TN:
SF:modules\review\service\review.service.js
FN:2,(anonymous_0)
FN:3,(anonymous_1)
FN:4,(anonymous_2)
FN:5,(anonymous_3)
FN:6,(anonymous_4)
FN:7,(anonymous_5)
FN:8,(anonymous_6)
FN:9,(anonymous_7)
FNF:8
FNH:0
FNDA:0,(anonymous_0)
FNDA:0,(anonymous_1)
FNDA:0,(anonymous_2)
FNDA:0,(anonymous_3)
FNDA:0,(anonymous_4)
FNDA:0,(anonymous_5)
FNDA:0,(anonymous_6)
FNDA:0,(anonymous_7)
DA:12,2
LF:1
LH:1
BRF:0
BRH:0
end_of_record
TN:
SF:modules\review\service\impl\review.serviceImpl.js
FN:6,(anonymous_0)
FN:16,(anonymous_1)
FN:28,(anonymous_2)
FN:44,(anonymous_3)
FN:57,(anonymous_4)
FN:87,(anonymous_5)
FN:96,(anonymous_6)
FN:107,(anonymous_7)
FNF:8
FNH:8
FNDA:2,(anonymous_0)
FNDA:2,(anonymous_1)
FNDA:2,(anonymous_2)
FNDA:2,(anonymous_3)
FNDA:2,(anonymous_4)
FNDA:2,(anonymous_5)
FNDA:2,(anonymous_6)
FNDA:2,(anonymous_7)
DA:1,2
DA:2,2
DA:3,2
DA:7,2
DA:8,2
DA:9,1
DA:10,1
DA:12,1
DA:17,2
DA:18,2
DA:19,1
DA:20,0
DA:22,1
DA:24,1
DA:29,2
DA:30,2
DA:35,1
DA:36,0
DA:38,1
DA:40,1
DA:45,2
DA:46,2
DA:47,1
DA:48,0
DA:50,1
DA:51,1
DA:53,1
DA:58,2
DA:59,2
DA:81,1
DA:83,1
DA:88,2
DA:89,2
DA:90,1
DA:92,1
DA:97,2
DA:98,2
DA:101,1
DA:103,1
DA:108,2
DA:109,2
DA:110,1
DA:112,1
DA:117,2
LF:44
LH:41
BRDA:19,0,0,0
BRDA:19,0,1,1
BRDA:35,1,0,0
BRDA:35,1,1,1
BRDA:47,2,0,0
BRDA:47,2,1,1
BRF:6
BRH:3
end_of_record
TN:
SF:modules\trip-plan\controller\trip-plan.controller.js
FN:5,(anonymous_0)
FN:18,(anonymous_1)
FN:27,(anonymous_2)
FN:39,(anonymous_3)
FN:48,(anonymous_4)
FN:69,(anonymous_5)
FN:78,(anonymous_6)
FN:88,(anonymous_7)
FNF:8
FNH:8
FNDA:3,(anonymous_0)
FNDA:2,(anonymous_1)
FNDA:2,(anonymous_2)
FNDA:2,(anonymous_3)
FNDA:4,(anonymous_4)
FNDA:2,(anonymous_5)
FNDA:2,(anonymous_6)
FNDA:2,(anonymous_7)
DA:1,1
DA:2,1
DA:6,3
DA:7,3
DA:8,3
DA:9,1
DA:11,2
DA:12,1
DA:14,1
DA:19,2
DA:20,2
DA:21,1
DA:23,1
DA:28,2
DA:29,2
DA:33,1
DA:35,1
DA:40,2
DA:41,2
DA:42,1
DA:44,1
DA:49,4
DA:50,2
DA:51,2
DA:52,2
DA:53,1
DA:55,1
DA:58,2
DA:59,2
DA:60,2
DA:61,2
DA:62,1
DA:64,1
DA:70,2
DA:71,2
DA:72,1
DA:74,1
DA:79,2
DA:80,2
DA:81,2
DA:82,1
DA:84,1
DA:89,2
DA:90,2
DA:91,1
DA:93,1
DA:98,1
LF:47
LH:47
BRDA:8,0,0,1
BRDA:8,0,1,2
BRDA:8,1,0,3
BRDA:8,1,1,3
BRDA:49,2,0,2
BRDA:49,2,1,2
BRF:6
BRH:6
end_of_record
TN:
SF:modules\trip-plan\dao\models\trip-plan.model.js
FNF:0
FNH:0
DA:1,2
DA:3,2
DA:4,2
LF:3
LH:3
BRF:0
BRH:0
end_of_record
TN:
SF:modules\trip-plan\dao\schemas\trip-plan.schema.js
FNF:0
FNH:0
DA:1,2
DA:3,2
DA:16,2
LF:3
LH:3
BRF:0
BRH:0
end_of_record
TN:
SF:modules\trip-plan\routes\trip-plan.routes.js
FNF:0
FNH:0
DA:1,1
DA:2,1
DA:4,1
DA:5,1
DA:7,1
DA:9,1
DA:10,1
DA:11,1
DA:12,1
DA:13,1
DA:14,1
DA:15,1
DA:16,1
DA:18,1
LF:14
LH:14
BRF:0
BRH:0
end_of_record
TN:
SF:modules\trip-plan\service\trip-plan.service.js
FN:2,(anonymous_0)
FN:3,(anonymous_1)
FN:4,(anonymous_2)
FN:5,(anonymous_3)
FN:6,(anonymous_4)
FN:7,(anonymous_5)
FN:8,(anonymous_6)
FN:9,(anonymous_7)
FN:10,(anonymous_8)
FNF:9
FNH:0
FNDA:0,(anonymous_0)
FNDA:0,(anonymous_1)
FNDA:0,(anonymous_2)
FNDA:0,(anonymous_3)
FNDA:0,(anonymous_4)
FNDA:0,(anonymous_5)
FNDA:0,(anonymous_6)
FNDA:0,(anonymous_7)
FNDA:0,(anonymous_8)
DA:13,2
LF:1
LH:1
BRF:0
BRH:0
end_of_record
TN:
SF:modules\trip-plan\service\impl\trip-plan.serviceImpl.js
FN:7,(anonymous_0)
FN:17,(anonymous_1)
FN:29,(anonymous_2)
FN:45,(anonymous_3)
FN:58,(anonymous_4)
FN:65,(anonymous_5)
FN:73,(anonymous_6)
FN:84,(anonymous_7)
FN:93,(anonymous_8)
FN:102,(anonymous_9)
FNF:10
FNH:10
FNDA:2,(anonymous_0)
FNDA:3,(anonymous_1)
FNDA:3,(anonymous_2)
FNDA:3,(anonymous_3)
FNDA:3,(anonymous_4)
FNDA:1,(anonymous_5)
FNDA:2,(anonymous_6)
FNDA:2,(anonymous_7)
FNDA:2,(anonymous_8)
FNDA:2,(anonymous_9)
DA:1,2
DA:2,2
DA:3,2
DA:4,2
DA:8,2
DA:9,2
DA:10,1
DA:11,1
DA:13,1
DA:18,3
DA:19,3
DA:20,2
DA:21,1
DA:23,1
DA:25,2
DA:30,3
DA:31,3
DA:36,2
DA:37,1
DA:39,1
DA:41,2
DA:46,3
DA:47,3
DA:48,2
DA:49,1
DA:51,1
DA:52,1
DA:54,2
DA:59,3
DA:60,3
DA:61,3
DA:62,2
DA:63,1
DA:65,1
DA:66,1
DA:67,1
DA:69,2
DA:74,2
DA:75,2
DA:78,1
DA:80,1
DA:85,2
DA:86,2
DA:87,1
DA:89,1
DA:94,2
DA:95,2
DA:96,1
DA:98,1
DA:103,2
DA:104,2
DA:132,1
DA:134,1
DA:139,2
LF:54
LH:54
BRDA:20,0,0,1
BRDA:20,0,1,1
BRDA:36,1,0,1
BRDA:36,1,1,1
BRDA:48,2,0,1
BRDA:48,2,1,1
BRDA:62,3,0,1
BRDA:62,3,1,1
BRF:8
BRH:8
end_of_record
TN:
SF:modules\user\controller\user.controller.js
FN:5,(anonymous_0)
FN:18,(anonymous_1)
FN:27,(anonymous_2)
FN:45,(anonymous_3)
FN:54,(anonymous_4)
FN:63,(anonymous_5)
FN:72,(anonymous_6)
FN:81,(anonymous_7)
FN:90,(anonymous_8)
FNF:9
FNH:9
FNDA:3,(anonymous_0)
FNDA:2,(anonymous_1)
FNDA:2,(anonymous_2)
FNDA:2,(anonymous_3)
FNDA:2,(anonymous_4)
FNDA:2,(anonymous_5)
FNDA:2,(anonymous_6)
FNDA:2,(anonymous_7)
FNDA:2,(anonymous_8)
DA:1,1
DA:2,1
DA:6,3
DA:7,3
DA:8,3
DA:9,1
DA:11,2
DA:12,1
DA:14,1
DA:19,2
DA:20,2
DA:21,1
DA:23,1
DA:28,2
DA:29,2
DA:30,2
DA:31,2
DA:32,2
DA:33,1
DA:34,1
DA:36,1
DA:40,0
DA:41,0
DA:46,2
DA:47,2
DA:48,1
DA:50,1
DA:55,2
DA:56,2
DA:57,1
DA:59,1
DA:64,2
DA:65,2
DA:66,1
DA:68,1
DA:73,2
DA:74,2
DA:75,1
DA:77,1
DA:82,2
DA:83,2
DA:84,1
DA:86,1
DA:91,2
DA:92,2
DA:93,1
DA:95,1
DA:100,1
LF:48
LH:46
BRDA:8,0,0,1
BRDA:8,0,1,2
BRDA:8,1,0,3
BRDA:8,1,1,3
BRDA:8,1,2,3
BRDA:30,2,0,2
BRDA:30,2,1,0
BRDA:32,3,0,1
BRDA:32,3,1,1
BRF:9
BRH:8
end_of_record
TN:
SF:modules\user\dao\models\user.model.js
FNF:0
FNH:0
DA:1,14
DA:3,14
DA:4,14
LF:3
LH:3
BRF:0
BRH:0
end_of_record
TN:
SF:modules\user\dao\schemas\user.schema.js
FN:14,(anonymous_0)
FN:28,(anonymous_1)
FNF:2
FNH:0
FNDA:0,(anonymous_0)
FNDA:0,(anonymous_1)
DA:1,14
DA:2,14
DA:4,14
DA:14,14
DA:15,0
DA:16,0
DA:17,0
DA:18,0
DA:19,0
DA:21,0
DA:24,0
DA:28,14
DA:29,0
DA:30,0
DA:32,0
DA:36,14
LF:16
LH:6
BRDA:15,0,0,0
BRDA:15,0,1,0
BRF:2
BRH:0
end_of_record
TN:
SF:modules\user\routes\user.routes.js
FNF:0
FNH:0
DA:1,1
DA:2,1
DA:4,1
DA:5,1
DA:7,1
DA:9,1
DA:10,1
DA:11,1
DA:12,1
DA:13,1
DA:14,1
DA:15,1
DA:16,1
DA:17,1
DA:19,1
LF:15
LH:15
BRF:0
BRH:0
end_of_record
TN:
SF:modules\user\service\user.service.js
FN:2,(anonymous_0)
FN:3,(anonymous_1)
FN:4,(anonymous_2)
FN:5,(anonymous_3)
FN:6,(anonymous_4)
FN:7,(anonymous_5)
FN:8,(anonymous_6)
FN:9,(anonymous_7)
FN:10,(anonymous_8)
FN:11,(anonymous_9)
FNF:10
FNH:0
FNDA:0,(anonymous_0)
FNDA:0,(anonymous_1)
FNDA:0,(anonymous_2)
FNDA:0,(anonymous_3)
FNDA:0,(anonymous_4)
FNDA:0,(anonymous_5)
FNDA:0,(anonymous_6)
FNDA:0,(anonymous_7)
FNDA:0,(anonymous_8)
FNDA:0,(anonymous_9)
DA:14,2
LF:1
LH:1
BRF:0
BRH:0
end_of_record
TN:
SF:modules\user\service\impl\user.serviceImpl.js
FN:5,(anonymous_0)
FN:18,(anonymous_1)
FN:27,(anonymous_2)
FN:39,(anonymous_3)
FN:55,(anonymous_4)
FN:67,(anonymous_5)
FN:73,(anonymous_6)
FN:80,(anonymous_7)
FN:86,(anonymous_8)
FN:93,(anonymous_9)
FN:105,(anonymous_10)
FN:117,(anonymous_11)
FNF:12
FNH:11
FNDA:2,(anonymous_0)
FNDA:2,(anonymous_1)
FNDA:2,(anonymous_2)
FNDA:2,(anonymous_3)
FNDA:2,(anonymous_4)
FNDA:1,(anonymous_5)
FNDA:0,(anonymous_6)
FNDA:3,(anonymous_7)
FNDA:2,(anonymous_8)
FNDA:2,(anonymous_9)
FNDA:2,(anonymous_10)
FNDA:2,(anonymous_11)
DA:1,2
DA:2,2
DA:6,2
DA:7,2
DA:8,2
DA:9,1
DA:11,1
DA:12,1
DA:14,1
DA:19,2
DA:20,2
DA:21,1
DA:23,1
DA:28,2
DA:29,2
DA:30,1
DA:31,0
DA:33,1
DA:35,1
DA:40,2
DA:41,2
DA:46,1
DA:47,0
DA:49,1
DA:51,1
DA:56,2
DA:57,2
DA:58,1
DA:59,0
DA:61,1
DA:63,1
DA:68,1
DA:69,1
DA:70,0
DA:71,0
DA:73,0
DA:74,0
DA:76,1
DA:81,3
DA:82,3
DA:83,2
DA:84,1
DA:86,2
DA:87,1
DA:89,2
DA:94,2
DA:95,2
DA:96,1
DA:97,0
DA:99,1
DA:101,1
DA:106,2
DA:107,2
DA:108,1
DA:109,0
DA:111,1
DA:113,1
DA:118,2
DA:119,2
DA:120,1
DA:121,0
DA:123,1
DA:125,1
DA:130,2
LF:64
LH:54
BRDA:8,0,0,1
BRDA:8,0,1,1
BRDA:30,1,0,0
BRDA:30,1,1,1
BRDA:46,2,0,0
BRDA:46,2,1,1
BRDA:58,3,0,0
BRDA:58,3,1,1
BRDA:70,4,0,0
BRDA:70,4,1,0
BRDA:83,5,0,1
BRDA:83,5,1,1
BRDA:96,6,0,0
BRDA:96,6,1,1
BRDA:108,7,0,0
BRDA:108,7,1,1
BRDA:120,8,0,0
BRDA:120,8,1,1
BRF:18
BRH:10
end_of_record
